TN:
SF:C:\Users\ADETEJU\Desktop\code\Andela\WayFarer\api/app.js
FN:21,(anonymous_0)
FN:28,(anonymous_1)
FNF:2
FNH:1
FNDA:0,(anonymous_0)
FNDA:1,(anonymous_1)
DA:2,1
DA:3,1
DA:4,1
DA:5,1
DA:8,1
DA:9,1
DA:10,1
DA:11,1
DA:13,1
DA:14,1
DA:16,1
DA:18,1
DA:19,1
DA:21,1
DA:22,0
DA:28,1
DA:29,1
DA:32,1
DA:33,1
DA:34,1
DA:35,1
DA:36,1
DA:38,1
LF:23
LH:22
BRDA:16,0,0,1
BRDA:16,0,1,1
BRF:2
BRH:2
end_of_record
TN:
SF:C:\Users\ADETEJU\Desktop\code\Andela\WayFarer\api\controllers/bookingController.js
FN:3,(anonymous_0)
FNF:1
FNH:1
FNDA:37,(anonymous_0)
DA:1,1
DA:3,124
DA:26,1
DA:30,1
DA:41,0
DA:42,0
DA:72,0
DA:74,0
DA:81,0
DA:95,2
DA:97,2
DA:104,0
DA:124,2
DA:125,2
DA:126,2
DA:128,2
DA:129,2
DA:156,1
DA:157,1
DA:159,1
DA:167,0
DA:168,0
DA:171,0
DA:178,0
DA:183,0
DA:184,0
DA:185,0
DA:206,1
LF:28
LH:15
BRDA:3,0,0,2
BRDA:3,0,1,1
BRDA:3,0,2,0
BRDA:3,0,3,1
BRDA:3,0,4,1
BRDA:3,0,5,0
BRDA:3,0,6,2
BRDA:3,1,0,4
BRDA:3,1,1,6
BRDA:3,2,0,2
BRDA:3,2,1,0
BRDA:3,2,2,0
BRDA:3,2,3,0
BRDA:3,2,4,2
BRDA:3,2,5,2
BRDA:3,2,6,0
BRDA:3,2,7,0
BRDA:3,2,8,0
BRDA:3,2,9,2
BRDA:3,3,0,2
BRDA:3,3,1,2
BRDA:3,3,2,0
BRDA:3,3,3,0
BRDA:3,3,4,0
BRDA:3,3,5,2
BRDA:3,4,0,1
BRDA:3,4,1,0
BRDA:3,4,2,0
BRDA:3,4,3,0
BRDA:3,4,4,0
BRDA:3,4,5,0
BRDA:3,4,6,0
BRDA:3,4,7,0
BRDA:3,4,8,1
BRF:34
BRH:16
end_of_record
TN:
SF:C:\Users\ADETEJU\Desktop\code\Andela\WayFarer\api\controllers/busController.js
FN:3,(anonymous_0)
FNF:1
FNH:1
FNDA:29,(anonymous_0)
DA:1,1
DA:3,114
DA:16,4
DA:30,1
DA:34,1
DA:43,1
DA:44,1
DA:65,2
DA:73,2
DA:75,2
DA:76,2
DA:96,1
LF:12
LH:12
BRDA:3,0,0,6
BRDA:3,0,1,6
BRDA:3,0,2,3
BRDA:3,0,3,3
BRDA:3,0,4,0
BRDA:3,0,5,0
BRDA:3,0,6,6
BRDA:3,1,0,9
BRDA:3,1,1,3
BRDA:24,2,0,4
BRDA:24,2,1,2
BRDA:24,2,2,1
BRDA:24,2,3,1
BRDA:24,2,4,1
BRF:14
BRH:12
end_of_record
TN:
SF:C:\Users\ADETEJU\Desktop\code\Andela\WayFarer\api\controllers/tripController.js
FN:3,(anonymous_0)
FNF:1
FNH:1
FNDA:40,(anonymous_0)
DA:1,1
DA:3,141
DA:16,4
DA:30,1
DA:34,1
DA:42,0
DA:43,0
DA:64,2
DA:65,2
DA:67,2
DA:75,2
DA:77,2
DA:78,2
DA:105,2
DA:107,2
DA:108,2
DA:128,1
LF:17
LH:15
BRDA:3,0,0,6
BRDA:3,0,1,6
BRDA:3,0,2,3
BRDA:3,0,3,0
BRDA:3,0,4,1
BRDA:3,0,5,0
BRDA:3,0,6,6
BRDA:3,1,0,7
BRDA:3,1,1,7
BRDA:24,2,0,4
BRDA:24,2,1,3
BRDA:24,2,2,2
BRDA:24,2,3,1
BRDA:24,2,4,1
BRDA:3,3,0,2
BRDA:3,3,1,2
BRDA:3,3,2,0
BRDA:3,3,3,0
BRDA:3,3,4,0
BRDA:3,3,5,2
BRF:20
BRH:15
end_of_record
TN:
SF:C:\Users\ADETEJU\Desktop\code\Andela\WayFarer\api\controllers/userController.js
FN:5,(anonymous_0)
FNF:1
FNH:1
FNDA:94,(anonymous_0)
DA:2,1
DA:3,1
DA:5,337
DA:36,2
DA:38,2
DA:42,2
DA:45,1
DA:46,1
DA:47,1
DA:48,1
DA:109,0
DA:110,0
DA:114,0
DA:123,0
DA:124,0
DA:125,0
DA:126,0
DA:170,1
DA:172,1
DA:185,0
DA:186,0
DA:187,0
DA:205,1
LF:23
LH:13
BRDA:5,0,0,14
BRDA:5,0,1,6
BRDA:5,0,2,4
BRDA:5,0,3,3
BRDA:5,0,4,2
BRDA:5,0,5,1
BRDA:5,0,6,0
BRDA:5,0,7,0
BRDA:5,0,8,14
BRDA:5,1,0,23
BRDA:5,1,1,21
BRDA:17,2,0,9
BRDA:17,2,1,7
BRDA:17,2,2,6
BRDA:17,2,3,5
BRDA:5,3,0,8
BRDA:5,3,1,7
BRDA:5,3,2,2
BRDA:5,3,3,1
BRDA:5,3,4,0
BRDA:5,3,5,0
BRDA:5,3,6,0
BRDA:5,3,7,0
BRDA:5,3,8,0
BRDA:5,3,9,8
BRDA:91,4,0,7
BRDA:91,4,1,5
BRDA:91,4,2,4
BRDA:91,4,3,3
BRDA:158,5,0,5
BRDA:158,5,1,3
BRF:31
BRH:24
end_of_record
TN:
SF:C:\Users\ADETEJU\Desktop\code\Andela\WayFarer\api\middleware/auth.js
FN:6,(anonymous_0)
FNF:1
FNH:1
FNDA:101,(anonymous_0)
DA:1,1
DA:2,1
DA:4,1
DA:6,396
DA:15,25
DA:23,21
DA:24,21
DA:31,21
DA:41,1
LF:9
LH:9
BRDA:6,0,0,25
BRDA:6,0,1,21
BRDA:6,0,2,21
BRDA:6,0,3,0
BRDA:6,0,4,21
BRDA:6,0,5,25
BRDA:6,1,0,21
BRDA:6,1,1,4
BRF:8
BRH:7
end_of_record
TN:
SF:C:\Users\ADETEJU\Desktop\code\Andela\WayFarer\api\models/dbPool.js
FNF:0
FNH:0
DA:1,1
DA:2,1
DA:4,1
DA:6,1
DA:7,1
DA:9,1
LF:6
LH:6
BRF:0
BRH:0
end_of_record
TN:
SF:C:\Users\ADETEJU\Desktop\code\Andela\WayFarer\api\models/query.js
FN:10,query
FN:18,(anonymous_1)
FN:20,(anonymous_2)
FN:23,(anonymous_3)
FNF:4
FNH:4
FNDA:16,query
FNDA:16,(anonymous_1)
FNDA:13,(anonymous_2)
FNDA:3,(anonymous_3)
DA:1,1
DA:2,1
DA:4,1
DA:6,1
DA:10,1
DA:18,16
DA:19,16
DA:21,13
DA:24,3
LF:9
LH:9
BRF:0
BRH:0
end_of_record
TN:
SF:C:\Users\ADETEJU\Desktop\code\Andela\WayFarer\api\routes/bookingRoutes.js
FNF:0
FNH:0
DA:1,1
DA:3,1
DA:4,1
DA:6,1
DA:9,1
DA:10,1
DA:11,1
DA:12,1
DA:14,1
LF:9
LH:9
BRF:0
BRH:0
end_of_record
TN:
SF:C:\Users\ADETEJU\Desktop\code\Andela\WayFarer\api\routes/busRoutes.js
FNF:0
FNH:0
DA:1,1
DA:2,1
DA:3,1
DA:5,1
DA:8,1
DA:9,1
DA:11,1
LF:7
LH:7
BRF:0
BRH:0
end_of_record
TN:
SF:C:\Users\ADETEJU\Desktop\code\Andela\WayFarer\api\routes/tripRoutes.js
FNF:0
FNH:0
DA:1,1
DA:2,1
DA:3,1
DA:5,1
DA:8,1
DA:9,1
DA:10,1
DA:12,1
LF:8
LH:8
BRF:0
BRH:0
end_of_record
TN:
SF:C:\Users\ADETEJU\Desktop\code\Andela\WayFarer\api\routes/userRoutes.js
FNF:0
FNH:0
DA:1,1
DA:2,1
DA:4,1
DA:7,1
DA:8,1
DA:11,1
DA:13,1
LF:7
LH:7
BRF:0
BRH:0
end_of_record
TN:
SF:C:\Users\ADETEJU\Desktop\code\Andela\WayFarer\api\services/helpers.js
FN:4,hashPassword
FNF:1
FNH:1
FNDA:16,hashPassword
DA:1,1
DA:2,1
DA:4,1
DA:11,2
DA:20,4
DA:21,2
DA:22,2
DA:32,1
DA:40,8
DA:48,0
DA:49,0
DA:51,0
DA:52,0
DA:53,0
DA:62,0
DA:63,0
DA:73,1
DA:77,1
DA:81,1
LF:19
LH:12
BRDA:20,0,0,2
BRDA:20,0,1,2
BRDA:20,1,0,4
BRDA:20,1,1,2
BRDA:20,1,2,2
BRDA:48,2,0,0
BRDA:48,2,1,0
BRDA:48,3,0,0
BRDA:48,3,1,0
BRDA:51,4,0,0
BRDA:51,4,1,0
BRDA:62,5,0,0
BRDA:62,5,1,0
BRDA:62,6,0,0
BRDA:62,6,1,0
BRF:15
BRH:5
end_of_record
TN:
SF:C:\Users\ADETEJU\Desktop\code\Andela\WayFarer\api\test/bookingTest.js
FN:30,(anonymous_0)
FN:32,(anonymous_1)
FN:37,(anonymous_2)
FN:38,(anonymous_3)
FN:41,(anonymous_4)
FN:50,(anonymous_5)
FN:61,(anonymous_6)
FN:70,(anonymous_7)
FN:81,(anonymous_8)
FN:93,(anonymous_9)
FN:94,(anonymous_10)
FN:98,(anonymous_11)
FN:108,(anonymous_12)
FN:112,(anonymous_13)
FN:125,(anonymous_14)
FN:126,(anonymous_15)
FN:130,(anonymous_16)
FN:141,(anonymous_17)
FN:145,(anonymous_18)
FN:158,(anonymous_19)
FN:159,(anonymous_20)
FN:162,(anonymous_21)
FN:171,(anonymous_22)
FN:179,(anonymous_23)
FNF:24
FNH:24
FNDA:48,(anonymous_0)
FNDA:39,(anonymous_1)
FNDA:1,(anonymous_2)
FNDA:1,(anonymous_3)
FNDA:1,(anonymous_4)
FNDA:1,(anonymous_5)
FNDA:1,(anonymous_6)
FNDA:1,(anonymous_7)
FNDA:1,(anonymous_8)
FNDA:1,(anonymous_9)
FNDA:1,(anonymous_10)
FNDA:1,(anonymous_11)
FNDA:1,(anonymous_12)
FNDA:1,(anonymous_13)
FNDA:1,(anonymous_14)
FNDA:1,(anonymous_15)
FNDA:1,(anonymous_16)
FNDA:1,(anonymous_17)
FNDA:1,(anonymous_18)
FNDA:1,(anonymous_19)
FNDA:1,(anonymous_20)
FNDA:1,(anonymous_21)
FNDA:1,(anonymous_22)
FNDA:1,(anonymous_23)
DA:1,1
DA:2,1
DA:3,1
DA:4,1
DA:5,1
DA:6,1
DA:8,1
DA:9,1
DA:10,1
DA:12,1
DA:13,1
DA:14,1
DA:15,1
DA:16,1
DA:30,1
DA:31,48
DA:32,39
DA:37,1
DA:38,1
DA:39,1
DA:42,1
DA:43,1
DA:44,1
DA:45,1
DA:46,1
DA:50,1
DA:51,1
DA:57,1
DA:62,1
DA:63,1
DA:64,1
DA:65,1
DA:66,1
DA:70,1
DA:71,1
DA:77,1
DA:82,1
DA:83,0
DA:84,0
DA:85,0
DA:86,0
DA:93,1
DA:94,1
DA:95,1
DA:99,1
DA:100,1
DA:101,1
DA:102,1
DA:103,1
DA:105,1
DA:108,1
DA:109,1
DA:113,1
DA:114,0
DA:115,0
DA:116,0
DA:117,0
DA:119,1
DA:125,1
DA:126,1
DA:127,1
DA:131,1
DA:132,1
DA:133,1
DA:134,1
DA:135,1
DA:137,1
DA:141,1
DA:142,1
DA:146,1
DA:147,0
DA:148,0
DA:149,0
DA:150,0
DA:152,1
DA:158,1
DA:159,1
DA:160,1
DA:163,1
DA:164,1
DA:165,1
DA:166,1
DA:167,1
DA:171,1
DA:172,1
DA:175,1
DA:180,1
DA:181,1
DA:182,1
DA:183,1
DA:184,1
LF:91
LH:79
BRDA:99,0,0,1
BRDA:99,0,1,0
BRDA:113,1,0,0
BRDA:113,1,1,1
BRDA:131,2,0,1
BRDA:131,2,1,0
BRDA:146,3,0,0
BRDA:146,3,1,1
BRF:8
BRH:4
end_of_record
TN:
SF:C:\Users\ADETEJU\Desktop\code\Andela\WayFarer\api\test/busTest.js
FN:30,(anonymous_0)
FN:32,(anonymous_1)
FN:36,(anonymous_2)
FN:37,(anonymous_3)
FN:40,(anonymous_4)
FN:49,(anonymous_5)
FN:61,(anonymous_6)
FN:70,(anonymous_7)
FN:81,(anonymous_8)
FN:90,(anonymous_9)
FN:102,(anonymous_10)
FN:111,(anonymous_11)
FN:123,(anonymous_12)
FN:134,(anonymous_13)
FN:135,(anonymous_14)
FN:139,(anonymous_15)
FN:149,(anonymous_16)
FN:153,(anonymous_17)
FNF:18
FNH:18
FNDA:48,(anonymous_0)
FNDA:33,(anonymous_1)
FNDA:1,(anonymous_2)
FNDA:1,(anonymous_3)
FNDA:1,(anonymous_4)
FNDA:1,(anonymous_5)
FNDA:1,(anonymous_6)
FNDA:1,(anonymous_7)
FNDA:1,(anonymous_8)
FNDA:1,(anonymous_9)
FNDA:1,(anonymous_10)
FNDA:1,(anonymous_11)
FNDA:1,(anonymous_12)
FNDA:1,(anonymous_13)
FNDA:1,(anonymous_14)
FNDA:1,(anonymous_15)
FNDA:1,(anonymous_16)
FNDA:1,(anonymous_17)
DA:1,1
DA:2,1
DA:3,1
DA:4,1
DA:5,1
DA:7,1
DA:8,1
DA:9,1
DA:11,1
DA:12,1
DA:13,1
DA:14,1
DA:15,1
DA:16,1
DA:30,1
DA:31,48
DA:32,33
DA:36,1
DA:37,1
DA:38,1
DA:41,1
DA:42,1
DA:43,1
DA:44,1
DA:45,1
DA:49,1
DA:50,1
DA:57,1
DA:62,1
DA:63,1
DA:64,1
DA:65,1
DA:66,1
DA:70,1
DA:71,1
DA:77,1
DA:82,1
DA:83,1
DA:84,1
DA:85,1
DA:86,1
DA:90,1
DA:91,1
DA:98,1
DA:103,1
DA:104,1
DA:105,1
DA:106,1
DA:107,1
DA:111,1
DA:112,1
DA:119,1
DA:124,1
DA:125,1
DA:126,1
DA:127,1
DA:128,1
DA:134,1
DA:135,1
DA:136,1
DA:140,1
DA:141,0
DA:142,0
DA:143,0
DA:144,0
DA:146,1
DA:149,1
DA:150,1
DA:154,1
DA:155,1
DA:156,1
DA:157,1
DA:158,1
LF:73
LH:69
BRDA:140,0,0,0
BRDA:140,0,1,1
BRF:2
BRH:1
end_of_record
TN:
SF:C:\Users\ADETEJU\Desktop\code\Andela\WayFarer\api\test/tripTest.js
FN:30,(anonymous_0)
FN:32,(anonymous_1)
FN:36,(anonymous_2)
FN:37,(anonymous_3)
FN:40,(anonymous_4)
FN:49,(anonymous_5)
FN:61,(anonymous_6)
FN:70,(anonymous_7)
FN:82,(anonymous_8)
FN:91,(anonymous_9)
FN:103,(anonymous_10)
FN:112,(anonymous_11)
FN:124,(anonymous_12)
FN:134,(anonymous_13)
FN:135,(anonymous_14)
FN:139,(anonymous_15)
FN:150,(anonymous_16)
FN:154,(anonymous_17)
FN:167,(anonymous_18)
FN:168,(anonymous_19)
FN:172,(anonymous_20)
FN:182,(anonymous_21)
FN:186,(anonymous_22)
FNF:23
FNH:23
FNDA:48,(anonymous_0)
FNDA:38,(anonymous_1)
FNDA:1,(anonymous_2)
FNDA:1,(anonymous_3)
FNDA:1,(anonymous_4)
FNDA:1,(anonymous_5)
FNDA:1,(anonymous_6)
FNDA:1,(anonymous_7)
FNDA:1,(anonymous_8)
FNDA:1,(anonymous_9)
FNDA:1,(anonymous_10)
FNDA:1,(anonymous_11)
FNDA:1,(anonymous_12)
FNDA:1,(anonymous_13)
FNDA:1,(anonymous_14)
FNDA:1,(anonymous_15)
FNDA:1,(anonymous_16)
FNDA:1,(anonymous_17)
FNDA:1,(anonymous_18)
FNDA:1,(anonymous_19)
FNDA:1,(anonymous_20)
FNDA:1,(anonymous_21)
FNDA:1,(anonymous_22)
DA:1,1
DA:2,1
DA:3,1
DA:4,1
DA:5,1
DA:6,1
DA:8,1
DA:9,1
DA:10,1
DA:12,1
DA:13,1
DA:14,1
DA:15,1
DA:16,1
DA:17,1
DA:30,1
DA:31,48
DA:32,38
DA:36,1
DA:37,1
DA:38,1
DA:41,1
DA:42,1
DA:43,1
DA:44,1
DA:45,1
DA:49,1
DA:50,1
DA:57,1
DA:62,1
DA:63,1
DA:64,1
DA:65,1
DA:66,1
DA:70,1
DA:71,1
DA:78,1
DA:83,1
DA:84,1
DA:85,1
DA:86,1
DA:87,1
DA:91,1
DA:92,1
DA:99,1
DA:104,1
DA:105,1
DA:106,1
DA:107,1
DA:108,1
DA:112,1
DA:113,1
DA:120,1
DA:125,1
DA:126,0
DA:127,0
DA:128,0
DA:129,0
DA:134,1
DA:135,1
DA:136,1
DA:140,1
DA:141,1
DA:142,1
DA:143,1
DA:144,1
DA:146,1
DA:150,1
DA:151,1
DA:155,1
DA:156,0
DA:157,0
DA:158,0
DA:159,0
DA:161,1
DA:167,1
DA:168,1
DA:169,1
DA:173,1
DA:174,1
DA:175,1
DA:176,1
DA:177,1
DA:179,1
DA:182,1
DA:183,1
DA:187,1
DA:188,0
DA:189,0
DA:190,0
DA:191,0
DA:193,1
LF:92
LH:80
BRDA:140,0,0,1
BRDA:140,0,1,0
BRDA:155,1,0,0
BRDA:155,1,1,1
BRDA:173,2,0,1
BRDA:173,2,1,0
BRDA:187,3,0,0
BRDA:187,3,1,1
BRF:8
BRH:4
end_of_record
TN:
SF:C:\Users\ADETEJU\Desktop\code\Andela\WayFarer\api\test/userTest.js
FN:17,(anonymous_0)
FN:19,(anonymous_1)
FN:23,(anonymous_2)
FN:24,(anonymous_3)
FN:28,(anonymous_4)
FN:37,(anonymous_5)
FN:48,(anonymous_6)
FN:57,(anonymous_7)
FN:68,(anonymous_8)
FN:77,(anonymous_9)
FN:89,(anonymous_10)
FN:98,(anonymous_11)
FN:110,(anonymous_12)
FN:119,(anonymous_13)
FN:131,(anonymous_14)
FN:140,(anonymous_15)
FN:152,(anonymous_16)
FN:161,(anonymous_17)
FN:173,(anonymous_18)
FN:184,(anonymous_19)
FN:185,(anonymous_20)
FN:195,(anonymous_21)
FN:204,(anonymous_22)
FN:214,(anonymous_23)
FN:223,(anonymous_24)
FN:234,(anonymous_25)
FN:243,(anonymous_26)
FN:254,(anonymous_27)
FN:263,(anonymous_28)
FN:274,(anonymous_29)
FN:283,(anonymous_30)
FN:290,(anonymous_31)
FN:295,(anonymous_32)
FN:304,(anonymous_33)
FN:315,(anonymous_34)
FN:324,(anonymous_35)
FN:335,(anonymous_36)
FN:344,(anonymous_37)
FN:355,(anonymous_38)
FN:367,(anonymous_39)
FN:368,(anonymous_40)
FN:376,(anonymous_41)
FN:385,(anonymous_42)
FN:393,(anonymous_43)
FN:402,(anonymous_44)
FN:411,(anonymous_45)
FN:420,(anonymous_46)
FN:429,(anonymous_47)
FN:438,(anonymous_48)
FN:447,(anonymous_49)
FN:456,(anonymous_50)
FN:465,(anonymous_51)
FNF:52
FNH:51
FNDA:48,(anonymous_0)
FNDA:39,(anonymous_1)
FNDA:1,(anonymous_2)
FNDA:1,(anonymous_3)
FNDA:1,(anonymous_4)
FNDA:1,(anonymous_5)
FNDA:1,(anonymous_6)
FNDA:1,(anonymous_7)
FNDA:1,(anonymous_8)
FNDA:1,(anonymous_9)
FNDA:1,(anonymous_10)
FNDA:1,(anonymous_11)
FNDA:1,(anonymous_12)
FNDA:1,(anonymous_13)
FNDA:1,(anonymous_14)
FNDA:1,(anonymous_15)
FNDA:1,(anonymous_16)
FNDA:1,(anonymous_17)
FNDA:1,(anonymous_18)
FNDA:1,(anonymous_19)
FNDA:1,(anonymous_20)
FNDA:1,(anonymous_21)
FNDA:1,(anonymous_22)
FNDA:1,(anonymous_23)
FNDA:1,(anonymous_24)
FNDA:1,(anonymous_25)
FNDA:1,(anonymous_26)
FNDA:1,(anonymous_27)
FNDA:1,(anonymous_28)
FNDA:1,(anonymous_29)
FNDA:1,(anonymous_30)
FNDA:1,(anonymous_31)
FNDA:1,(anonymous_32)
FNDA:1,(anonymous_33)
FNDA:1,(anonymous_34)
FNDA:1,(anonymous_35)
FNDA:1,(anonymous_36)
FNDA:1,(anonymous_37)
FNDA:1,(anonymous_38)
FNDA:1,(anonymous_39)
FNDA:1,(anonymous_40)
FNDA:1,(anonymous_41)
FNDA:1,(anonymous_42)
FNDA:1,(anonymous_43)
FNDA:1,(anonymous_44)
FNDA:1,(anonymous_45)
FNDA:1,(anonymous_46)
FNDA:1,(anonymous_47)
FNDA:1,(anonymous_48)
FNDA:1,(anonymous_49)
FNDA:1,(anonymous_50)
FNDA:0,(anonymous_51)
DA:1,1
DA:2,1
DA:3,1
DA:4,1
DA:5,1
DA:7,1
DA:8,1
DA:9,1
DA:11,1
DA:12,1
DA:13,1
DA:14,1
DA:15,1
DA:17,1
DA:18,48
DA:19,39
DA:23,1
DA:24,1
DA:25,1
DA:29,1
DA:30,1
DA:31,1
DA:32,1
DA:33,1
DA:37,1
DA:38,1
DA:44,1
DA:49,1
DA:50,1
DA:51,1
DA:52,1
DA:53,1
DA:57,1
DA:58,1
DA:64,1
DA:69,1
DA:70,1
DA:71,1
DA:72,1
DA:73,1
DA:77,1
DA:78,1
DA:85,1
DA:90,1
DA:91,1
DA:92,1
DA:93,1
DA:94,1
DA:98,1
DA:99,1
DA:106,1
DA:111,1
DA:112,1
DA:113,1
DA:114,1
DA:115,1
DA:119,1
DA:120,1
DA:127,1
DA:132,1
DA:133,1
DA:134,1
DA:135,1
DA:136,1
DA:140,1
DA:141,1
DA:148,1
DA:153,1
DA:154,1
DA:155,1
DA:156,1
DA:157,1
DA:161,1
DA:162,1
DA:169,1
DA:174,1
DA:175,1
DA:176,1
DA:177,1
DA:178,1
DA:184,1
DA:185,1
DA:186,1
DA:191,1
DA:196,1
DA:197,1
DA:198,1
DA:199,1
DA:200,1
DA:204,1
DA:205,1
DA:210,1
DA:215,1
DA:216,1
DA:217,1
DA:218,1
DA:219,1
DA:223,1
DA:224,1
DA:230,1
DA:235,1
DA:236,1
DA:237,1
DA:238,1
DA:239,1
DA:243,1
DA:244,1
DA:250,1
DA:255,1
DA:256,1
DA:257,1
DA:258,1
DA:259,1
DA:263,1
DA:264,1
DA:270,1
DA:275,1
DA:276,1
DA:277,1
DA:278,1
DA:279,1
DA:283,1
DA:284,1
DA:290,1
DA:291,1
DA:296,1
DA:297,1
DA:298,1
DA:299,1
DA:300,1
DA:304,1
DA:305,1
DA:311,1
DA:316,1
DA:317,1
DA:318,1
DA:319,1
DA:320,1
DA:324,1
DA:325,1
DA:331,1
DA:336,1
DA:337,1
DA:338,1
DA:339,1
DA:340,1
DA:344,1
DA:345,1
DA:351,1
DA:356,1
DA:357,1
DA:358,1
DA:359,1
DA:360,1
DA:361,1
DA:367,1
DA:368,1
DA:369,1
DA:372,1
DA:377,1
DA:378,1
DA:379,1
DA:380,1
DA:381,1
DA:385,1
DA:386,1
DA:389,1
DA:394,1
DA:395,1
DA:396,1
DA:397,1
DA:398,1
DA:402,1
DA:403,1
DA:407,1
DA:412,1
DA:413,1
DA:414,1
DA:415,1
DA:416,1
DA:420,1
DA:421,1
DA:425,1
DA:430,1
DA:431,1
DA:432,1
DA:433,1
DA:434,1
DA:438,1
DA:439,1
DA:443,1
DA:448,1
DA:449,1
DA:450,1
DA:451,1
DA:452,0
DA:456,1
DA:457,1
DA:461,1
DA:466,0
DA:467,0
DA:468,0
DA:469,0
DA:470,0
DA:472,1
LF:205
LH:199
BRF:0
BRH:0
end_of_record
