{"C:\\Users\\ADETEJU\\Desktop\\code\\Andela\\WayFarer\\api\\test\\bookingTest.js":{"path":"C:\\Users\\ADETEJU\\Desktop\\code\\Andela\\WayFarer\\api\\test\\bookingTest.js","statementMap":{"0":{"start":{"line":3,"column":29},"end":{"line":3,"column":84}},"1":{"start":{"line":5,"column":12},"end":{"line":5,"column":51}},"2":{"start":{"line":7,"column":16},"end":{"line":7,"column":60}},"3":{"start":{"line":9,"column":20},"end":{"line":9,"column":67}},"4":{"start":{"line":11,"column":13},"end":{"line":11,"column":53}},"5":{"start":{"line":13,"column":11},"end":{"line":13,"column":52}},"6":{"start":{"line":15,"column":14},"end":{"line":15,"column":65}},"7":{"start":{"line":17,"column":0},"end":{"line":17,"column":43}},"8":{"start":{"line":19,"column":13},"end":{"line":19,"column":38}},"9":{"start":{"line":21,"column":0},"end":{"line":21,"column":7}},"10":{"start":{"line":22,"column":14},"end":{"line":22,"column":16}},"11":{"start":{"line":23,"column":13},"end":{"line":23,"column":15}},"12":{"start":{"line":24,"column":16},"end":{"line":24,"column":28}},"13":{"start":{"line":26,"column":18},"end":{"line":26,"column":51}},"14":{"start":{"line":28,"column":12},"end":{"line":36,"column":2}},"15":{"start":{"line":38,"column":0},"end":{"line":42,"column":3}},"16":{"start":{"line":39,"column":2},"end":{"line":41,"column":5}},"17":{"start":{"line":40,"column":4},"end":{"line":40,"column":15}},"18":{"start":{"line":44,"column":0},"end":{"line":86,"column":3}},"19":{"start":{"line":45,"column":2},"end":{"line":53,"column":5}},"20":{"start":{"line":46,"column":4},"end":{"line":52,"column":7}},"21":{"start":{"line":47,"column":6},"end":{"line":47,"column":34}},"22":{"start":{"line":48,"column":6},"end":{"line":48,"column":37}},"23":{"start":{"line":49,"column":6},"end":{"line":49,"column":59}},"24":{"start":{"line":50,"column":6},"end":{"line":50,"column":73}},"25":{"start":{"line":51,"column":6},"end":{"line":51,"column":16}},"26":{"start":{"line":54,"column":2},"end":{"line":69,"column":5}},"27":{"start":{"line":55,"column":18},"end":{"line":60,"column":5}},"28":{"start":{"line":62,"column":4},"end":{"line":68,"column":7}},"29":{"start":{"line":63,"column":6},"end":{"line":63,"column":34}},"30":{"start":{"line":64,"column":6},"end":{"line":64,"column":37}},"31":{"start":{"line":65,"column":6},"end":{"line":65,"column":59}},"32":{"start":{"line":66,"column":6},"end":{"line":66,"column":83}},"33":{"start":{"line":67,"column":6},"end":{"line":67,"column":16}},"34":{"start":{"line":70,"column":2},"end":{"line":85,"column":5}},"35":{"start":{"line":71,"column":18},"end":{"line":76,"column":5}},"36":{"start":{"line":78,"column":4},"end":{"line":84,"column":7}},"37":{"start":{"line":79,"column":6},"end":{"line":79,"column":34}},"38":{"start":{"line":80,"column":6},"end":{"line":80,"column":37}},"39":{"start":{"line":81,"column":6},"end":{"line":81,"column":61}},"40":{"start":{"line":82,"column":6},"end":{"line":82,"column":44}},"41":{"start":{"line":83,"column":6},"end":{"line":83,"column":16}},"42":{"start":{"line":88,"column":0},"end":{"line":113,"column":3}},"43":{"start":{"line":89,"column":2},"end":{"line":100,"column":5}},"44":{"start":{"line":90,"column":4},"end":{"line":99,"column":7}},"45":{"start":{"line":91,"column":6},"end":{"line":96,"column":7}},"46":{"start":{"line":92,"column":8},"end":{"line":92,"column":36}},"47":{"start":{"line":93,"column":8},"end":{"line":93,"column":39}},"48":{"start":{"line":94,"column":8},"end":{"line":94,"column":61}},"49":{"start":{"line":95,"column":8},"end":{"line":95,"column":86}},"50":{"start":{"line":98,"column":6},"end":{"line":98,"column":16}},"51":{"start":{"line":101,"column":2},"end":{"line":112,"column":5}},"52":{"start":{"line":102,"column":4},"end":{"line":111,"column":7}},"53":{"start":{"line":103,"column":6},"end":{"line":108,"column":7}},"54":{"start":{"line":104,"column":8},"end":{"line":104,"column":36}},"55":{"start":{"line":105,"column":8},"end":{"line":105,"column":39}},"56":{"start":{"line":106,"column":8},"end":{"line":106,"column":63}},"57":{"start":{"line":107,"column":8},"end":{"line":107,"column":46}},"58":{"start":{"line":110,"column":6},"end":{"line":110,"column":16}},"59":{"start":{"line":115,"column":0},"end":{"line":140,"column":3}},"60":{"start":{"line":116,"column":2},"end":{"line":127,"column":5}},"61":{"start":{"line":117,"column":4},"end":{"line":126,"column":7}},"62":{"start":{"line":118,"column":6},"end":{"line":123,"column":7}},"63":{"start":{"line":119,"column":8},"end":{"line":119,"column":36}},"64":{"start":{"line":120,"column":8},"end":{"line":120,"column":39}},"65":{"start":{"line":121,"column":8},"end":{"line":121,"column":61}},"66":{"start":{"line":122,"column":8},"end":{"line":122,"column":104}},"67":{"start":{"line":125,"column":6},"end":{"line":125,"column":16}},"68":{"start":{"line":128,"column":2},"end":{"line":139,"column":5}},"69":{"start":{"line":129,"column":4},"end":{"line":138,"column":7}},"70":{"start":{"line":130,"column":6},"end":{"line":135,"column":7}},"71":{"start":{"line":131,"column":8},"end":{"line":131,"column":36}},"72":{"start":{"line":132,"column":8},"end":{"line":132,"column":39}},"73":{"start":{"line":133,"column":8},"end":{"line":133,"column":63}},"74":{"start":{"line":134,"column":8},"end":{"line":134,"column":90}},"75":{"start":{"line":137,"column":6},"end":{"line":137,"column":16}},"76":{"start":{"line":142,"column":0},"end":{"line":165,"column":3}},"77":{"start":{"line":143,"column":2},"end":{"line":151,"column":5}},"78":{"start":{"line":144,"column":4},"end":{"line":150,"column":7}},"79":{"start":{"line":145,"column":6},"end":{"line":145,"column":34}},"80":{"start":{"line":146,"column":6},"end":{"line":146,"column":37}},"81":{"start":{"line":147,"column":6},"end":{"line":147,"column":59}},"82":{"start":{"line":148,"column":6},"end":{"line":148,"column":73}},"83":{"start":{"line":149,"column":6},"end":{"line":149,"column":16}},"84":{"start":{"line":152,"column":2},"end":{"line":164,"column":5}},"85":{"start":{"line":153,"column":18},"end":{"line":155,"column":5}},"86":{"start":{"line":157,"column":4},"end":{"line":163,"column":7}},"87":{"start":{"line":158,"column":6},"end":{"line":158,"column":34}},"88":{"start":{"line":159,"column":6},"end":{"line":159,"column":37}},"89":{"start":{"line":160,"column":6},"end":{"line":160,"column":59}},"90":{"start":{"line":161,"column":6},"end":{"line":161,"column":73}},"91":{"start":{"line":162,"column":6},"end":{"line":162,"column":16}}},"fnMap":{"0":{"name":"(anonymous_0)","decl":{"start":{"line":38,"column":11},"end":{"line":38,"column":12}},"loc":{"start":{"line":38,"column":23},"end":{"line":42,"column":1}},"line":38},"1":{"name":"(anonymous_1)","decl":{"start":{"line":39,"column":62},"end":{"line":39,"column":63}},"loc":{"start":{"line":39,"column":77},"end":{"line":41,"column":3}},"line":39},"2":{"name":"(anonymous_2)","decl":{"start":{"line":44,"column":37},"end":{"line":44,"column":38}},"loc":{"start":{"line":44,"column":49},"end":{"line":86,"column":1}},"line":44},"3":{"name":"(anonymous_3)","decl":{"start":{"line":45,"column":78},"end":{"line":45,"column":79}},"loc":{"start":{"line":45,"column":94},"end":{"line":53,"column":3}},"line":45},"4":{"name":"(anonymous_4)","decl":{"start":{"line":46,"column":75},"end":{"line":46,"column":76}},"loc":{"start":{"line":46,"column":95},"end":{"line":52,"column":5}},"line":46},"5":{"name":"(anonymous_5)","decl":{"start":{"line":54,"column":57},"end":{"line":54,"column":58}},"loc":{"start":{"line":54,"column":73},"end":{"line":69,"column":3}},"line":54},"6":{"name":"(anonymous_6)","decl":{"start":{"line":62,"column":109},"end":{"line":62,"column":110}},"loc":{"start":{"line":62,"column":129},"end":{"line":68,"column":5}},"line":62},"7":{"name":"(anonymous_7)","decl":{"start":{"line":70,"column":30},"end":{"line":70,"column":31}},"loc":{"start":{"line":70,"column":46},"end":{"line":85,"column":3}},"line":70},"8":{"name":"(anonymous_8)","decl":{"start":{"line":78,"column":109},"end":{"line":78,"column":110}},"loc":{"start":{"line":78,"column":129},"end":{"line":84,"column":5}},"line":78},"9":{"name":"(anonymous_9)","decl":{"start":{"line":88,"column":36},"end":{"line":88,"column":37}},"loc":{"start":{"line":88,"column":48},"end":{"line":113,"column":1}},"line":88},"10":{"name":"(anonymous_10)","decl":{"start":{"line":89,"column":62},"end":{"line":89,"column":63}},"loc":{"start":{"line":89,"column":78},"end":{"line":100,"column":3}},"line":89},"11":{"name":"(anonymous_11)","decl":{"start":{"line":90,"column":94},"end":{"line":90,"column":95}},"loc":{"start":{"line":90,"column":114},"end":{"line":99,"column":5}},"line":90},"12":{"name":"(anonymous_12)","decl":{"start":{"line":101,"column":48},"end":{"line":101,"column":49}},"loc":{"start":{"line":101,"column":64},"end":{"line":112,"column":3}},"line":101},"13":{"name":"(anonymous_13)","decl":{"start":{"line":102,"column":94},"end":{"line":102,"column":95}},"loc":{"start":{"line":102,"column":114},"end":{"line":111,"column":5}},"line":102},"14":{"name":"(anonymous_14)","decl":{"start":{"line":115,"column":38},"end":{"line":115,"column":39}},"loc":{"start":{"line":115,"column":50},"end":{"line":140,"column":1}},"line":115},"15":{"name":"(anonymous_15)","decl":{"start":{"line":116,"column":87},"end":{"line":116,"column":88}},"loc":{"start":{"line":116,"column":103},"end":{"line":127,"column":3}},"line":116},"16":{"name":"(anonymous_16)","decl":{"start":{"line":117,"column":102},"end":{"line":117,"column":103}},"loc":{"start":{"line":117,"column":122},"end":{"line":126,"column":5}},"line":117},"17":{"name":"(anonymous_17)","decl":{"start":{"line":128,"column":89},"end":{"line":128,"column":90}},"loc":{"start":{"line":128,"column":105},"end":{"line":139,"column":3}},"line":128},"18":{"name":"(anonymous_18)","decl":{"start":{"line":129,"column":102},"end":{"line":129,"column":103}},"loc":{"start":{"line":129,"column":122},"end":{"line":138,"column":5}},"line":129},"19":{"name":"(anonymous_19)","decl":{"start":{"line":142,"column":49},"end":{"line":142,"column":50}},"loc":{"start":{"line":142,"column":61},"end":{"line":165,"column":1}},"line":142},"20":{"name":"(anonymous_20)","decl":{"start":{"line":143,"column":79},"end":{"line":143,"column":80}},"loc":{"start":{"line":143,"column":95},"end":{"line":151,"column":3}},"line":143},"21":{"name":"(anonymous_21)","decl":{"start":{"line":144,"column":76},"end":{"line":144,"column":77}},"loc":{"start":{"line":144,"column":96},"end":{"line":150,"column":5}},"line":144},"22":{"name":"(anonymous_22)","decl":{"start":{"line":152,"column":80},"end":{"line":152,"column":81}},"loc":{"start":{"line":152,"column":96},"end":{"line":164,"column":3}},"line":152},"23":{"name":"(anonymous_23)","decl":{"start":{"line":157,"column":110},"end":{"line":157,"column":111}},"loc":{"start":{"line":157,"column":130},"end":{"line":163,"column":5}},"line":157}},"branchMap":{"0":{"loc":{"start":{"line":91,"column":6},"end":{"line":96,"column":7}},"type":"if","locations":[{"start":{"line":91,"column":6},"end":{"line":96,"column":7}},{"start":{"line":91,"column":6},"end":{"line":96,"column":7}}],"line":91},"1":{"loc":{"start":{"line":103,"column":6},"end":{"line":108,"column":7}},"type":"if","locations":[{"start":{"line":103,"column":6},"end":{"line":108,"column":7}},{"start":{"line":103,"column":6},"end":{"line":108,"column":7}}],"line":103},"2":{"loc":{"start":{"line":118,"column":6},"end":{"line":123,"column":7}},"type":"if","locations":[{"start":{"line":118,"column":6},"end":{"line":123,"column":7}},{"start":{"line":118,"column":6},"end":{"line":123,"column":7}}],"line":118},"3":{"loc":{"start":{"line":130,"column":6},"end":{"line":135,"column":7}},"type":"if","locations":[{"start":{"line":130,"column":6},"end":{"line":135,"column":7}},{"start":{"line":130,"column":6},"end":{"line":135,"column":7}}],"line":130}},"s":{"0":1,"1":1,"2":1,"3":1,"4":1,"5":1,"6":1,"7":1,"8":1,"9":1,"10":1,"11":1,"12":1,"13":1,"14":1,"15":1,"16":48,"17":40,"18":1,"19":1,"20":1,"21":1,"22":1,"23":1,"24":1,"25":1,"26":1,"27":1,"28":1,"29":1,"30":1,"31":1,"32":1,"33":1,"34":1,"35":1,"36":1,"37":1,"38":0,"39":0,"40":0,"41":0,"42":1,"43":1,"44":1,"45":1,"46":1,"47":1,"48":1,"49":1,"50":1,"51":1,"52":1,"53":1,"54":0,"55":0,"56":0,"57":0,"58":1,"59":1,"60":1,"61":1,"62":1,"63":1,"64":1,"65":1,"66":1,"67":1,"68":1,"69":1,"70":1,"71":0,"72":0,"73":0,"74":0,"75":1,"76":1,"77":1,"78":1,"79":1,"80":1,"81":1,"82":1,"83":1,"84":1,"85":1,"86":1,"87":1,"88":1,"89":1,"90":1,"91":1},"f":{"0":48,"1":40,"2":1,"3":1,"4":1,"5":1,"6":1,"7":1,"8":1,"9":1,"10":1,"11":1,"12":1,"13":1,"14":1,"15":1,"16":1,"17":1,"18":1,"19":1,"20":1,"21":1,"22":1,"23":1},"b":{"0":[1,0],"1":[0,1],"2":[1,0],"3":[0,1]},"_coverageSchema":"43e27e138ebf9cfc5966b082cf9a028302ed4184","hash":"5f41b16f24dfd54515d55ef0843580033de79fa3","contentHash":"1a4ee19e633902a15e1ab27355e0943147920c55b14bad85b1d3076d1df63251"},"C:\\Users\\ADETEJU\\Desktop\\code\\Andela\\WayFarer\\api\\app.js":{"path":"C:\\Users\\ADETEJU\\Desktop\\code\\Andela\\WayFarer\\api\\app.js","statementMap":{"0":{"start":{"line":3,"column":29},"end":{"line":3,"column":84}},"1":{"start":{"line":5,"column":0},"end":{"line":7,"column":3}},"2":{"start":{"line":8,"column":0},"end":{"line":8,"column":28}},"3":{"start":{"line":10,"column":15},"end":{"line":10,"column":57}},"4":{"start":{"line":12,"column":14},"end":{"line":12,"column":55}},"5":{"start":{"line":14,"column":0},"end":{"line":14,"column":27}},"6":{"start":{"line":16,"column":18},"end":{"line":16,"column":64}},"7":{"start":{"line":18,"column":18},"end":{"line":18,"column":72}},"8":{"start":{"line":20,"column":18},"end":{"line":20,"column":72}},"9":{"start":{"line":22,"column":17},"end":{"line":22,"column":70}},"10":{"start":{"line":24,"column":21},"end":{"line":24,"column":78}},"11":{"start":{"line":28,"column":0},"end":{"line":28,"column":28}},"12":{"start":{"line":30,"column":10},"end":{"line":30,"column":36}},"13":{"start":{"line":31,"column":11},"end":{"line":31,"column":35}},"14":{"start":{"line":32,"column":0},"end":{"line":32,"column":39}},"15":{"start":{"line":33,"column":0},"end":{"line":35,"column":4}},"16":{"start":{"line":36,"column":0},"end":{"line":41,"column":3}},"17":{"start":{"line":37,"column":2},"end":{"line":40,"column":5}},"18":{"start":{"line":42,"column":0},"end":{"line":44,"column":3}},"19":{"start":{"line":43,"column":2},"end":{"line":43,"column":54}},"20":{"start":{"line":45,"column":0},"end":{"line":45,"column":43}},"21":{"start":{"line":46,"column":0},"end":{"line":46,"column":43}},"22":{"start":{"line":47,"column":0},"end":{"line":47,"column":43}},"23":{"start":{"line":48,"column":0},"end":{"line":48,"column":42}},"24":{"start":{"line":49,"column":0},"end":{"line":49,"column":46}},"25":{"start":{"line":50,"column":15},"end":{"line":50,"column":18}},"26":{"start":{"line":51,"column":0},"end":{"line":51,"column":30}}},"fnMap":{"0":{"name":"(anonymous_0)","decl":{"start":{"line":36,"column":13},"end":{"line":36,"column":14}},"loc":{"start":{"line":36,"column":33},"end":{"line":41,"column":1}},"line":36},"1":{"name":"(anonymous_1)","decl":{"start":{"line":42,"column":17},"end":{"line":42,"column":18}},"loc":{"start":{"line":42,"column":29},"end":{"line":44,"column":1}},"line":42}},"branchMap":{"0":{"loc":{"start":{"line":31,"column":11},"end":{"line":31,"column":35}},"type":"binary-expr","locations":[{"start":{"line":31,"column":11},"end":{"line":31,"column":27}},{"start":{"line":31,"column":31},"end":{"line":31,"column":35}}],"line":31}},"s":{"0":1,"1":1,"2":1,"3":1,"4":1,"5":1,"6":1,"7":1,"8":1,"9":1,"10":1,"11":1,"12":1,"13":1,"14":1,"15":1,"16":1,"17":0,"18":1,"19":1,"20":1,"21":1,"22":1,"23":1,"24":1,"25":1,"26":1},"f":{"0":0,"1":1},"b":{"0":[1,1]},"_coverageSchema":"43e27e138ebf9cfc5966b082cf9a028302ed4184","hash":"20441c69539648a64630c3c814d8495f736863f8","contentHash":"f887dd640f701c50bdb146316ad0f8c06ac6f2c6bce0d551c4e11e0e71addc47"},"C:\\Users\\ADETEJU\\Desktop\\code\\Andela\\WayFarer\\api\\routes\\userRoutes.js":{"path":"C:\\Users\\ADETEJU\\Desktop\\code\\Andela\\WayFarer\\api\\routes\\userRoutes.js","statementMap":{"0":{"start":{"line":3,"column":29},"end":{"line":3,"column":84}},"1":{"start":{"line":5,"column":0},"end":{"line":7,"column":3}},"2":{"start":{"line":8,"column":0},"end":{"line":8,"column":28}},"3":{"start":{"line":10,"column":15},"end":{"line":10,"column":57}},"4":{"start":{"line":12,"column":22},"end":{"line":12,"column":86}},"5":{"start":{"line":14,"column":13},"end":{"line":14,"column":41}},"6":{"start":{"line":17,"column":0},"end":{"line":17,"column":63}},"7":{"start":{"line":18,"column":0},"end":{"line":18,"column":63}},"8":{"start":{"line":20,"column":0},"end":{"line":20,"column":69}},"9":{"start":{"line":21,"column":15},"end":{"line":21,"column":21}},"10":{"start":{"line":22,"column":0},"end":{"line":22,"column":30}}},"fnMap":{},"branchMap":{},"s":{"0":1,"1":1,"2":1,"3":1,"4":1,"5":1,"6":1,"7":1,"8":1,"9":1,"10":1},"f":{},"b":{},"_coverageSchema":"43e27e138ebf9cfc5966b082cf9a028302ed4184","hash":"b6eda5a71f501fd0fc1f4a530185facd7beb0cd8","contentHash":"b9c3a2f0c5bcfdf1f4e42b34a27f3c7294436288cd01440eb9ed87e487e6375e"},"C:\\Users\\ADETEJU\\Desktop\\code\\Andela\\WayFarer\\api\\controllers\\userController.js":{"path":"C:\\Users\\ADETEJU\\Desktop\\code\\Andela\\WayFarer\\api\\controllers\\userController.js","statementMap":{"0":{"start":{"line":3,"column":29},"end":{"line":3,"column":84}},"1":{"start":{"line":5,"column":0},"end":{"line":7,"column":3}},"2":{"start":{"line":8,"column":0},"end":{"line":8,"column":28}},"3":{"start":{"line":10,"column":19},"end":{"line":10,"column":80}},"4":{"start":{"line":12,"column":25},"end":{"line":12,"column":99}},"5":{"start":{"line":14,"column":13},"end":{"line":14,"column":63}},"6":{"start":{"line":16,"column":15},"end":{"line":16,"column":69}},"7":{"start":{"line":19,"column":12},"end":{"line":353,"column":1}},"8":{"start":{"line":27,"column":18},"end":{"line":120,"column":7}},"9":{"start":{"line":32,"column":6},"end":{"line":119,"column":36}},"10":{"start":{"line":33,"column":8},"end":{"line":118,"column":9}},"11":{"start":{"line":34,"column":10},"end":{"line":117,"column":11}},"12":{"start":{"line":36,"column":14},"end":{"line":36,"column":159}},"13":{"start":{"line":38,"column":14},"end":{"line":41,"column":15}},"14":{"start":{"line":39,"column":16},"end":{"line":39,"column":34}},"15":{"start":{"line":40,"column":16},"end":{"line":40,"column":22}},"16":{"start":{"line":43,"column":14},"end":{"line":46,"column":18}},"17":{"start":{"line":49,"column":14},"end":{"line":52,"column":15}},"18":{"start":{"line":50,"column":16},"end":{"line":50,"column":34}},"19":{"start":{"line":51,"column":16},"end":{"line":51,"column":22}},"20":{"start":{"line":54,"column":14},"end":{"line":57,"column":18}},"21":{"start":{"line":60,"column":14},"end":{"line":63,"column":15}},"22":{"start":{"line":61,"column":16},"end":{"line":61,"column":34}},"23":{"start":{"line":62,"column":16},"end":{"line":62,"column":22}},"24":{"start":{"line":65,"column":14},"end":{"line":68,"column":18}},"25":{"start":{"line":71,"column":14},"end":{"line":71,"column":74}},"26":{"start":{"line":72,"column":14},"end":{"line":72,"column":144}},"27":{"start":{"line":73,"column":14},"end":{"line":73,"column":70}},"28":{"start":{"line":74,"column":14},"end":{"line":74,"column":33}},"29":{"start":{"line":75,"column":14},"end":{"line":75,"column":33}},"30":{"start":{"line":76,"column":14},"end":{"line":76,"column":66}},"31":{"start":{"line":79,"column":14},"end":{"line":79,"column":35}},"32":{"start":{"line":80,"column":14},"end":{"line":80,"column":31}},"33":{"start":{"line":81,"column":14},"end":{"line":81,"column":35}},"34":{"start":{"line":82,"column":14},"end":{"line":82,"column":42}},"35":{"start":{"line":83,"column":14},"end":{"line":83,"column":60}},"36":{"start":{"line":84,"column":14},"end":{"line":92,"column":18}},"37":{"start":{"line":95,"column":14},"end":{"line":95,"column":33}},"38":{"start":{"line":96,"column":14},"end":{"line":96,"column":50}},"39":{"start":{"line":98,"column":14},"end":{"line":101,"column":15}},"40":{"start":{"line":99,"column":16},"end":{"line":99,"column":35}},"41":{"start":{"line":100,"column":16},"end":{"line":100,"column":22}},"42":{"start":{"line":103,"column":14},"end":{"line":106,"column":18}},"43":{"start":{"line":109,"column":14},"end":{"line":112,"column":18}},"44":{"start":{"line":116,"column":14},"end":{"line":116,"column":37}},"45":{"start":{"line":123,"column":6},"end":{"line":123,"column":44}},"46":{"start":{"line":126,"column":4},"end":{"line":126,"column":18}},"47":{"start":{"line":136,"column":23},"end":{"line":239,"column":7}},"48":{"start":{"line":141,"column":6},"end":{"line":238,"column":37}},"49":{"start":{"line":142,"column":8},"end":{"line":237,"column":9}},"50":{"start":{"line":143,"column":10},"end":{"line":236,"column":11}},"51":{"start":{"line":145,"column":14},"end":{"line":145,"column":196}},"52":{"start":{"line":147,"column":14},"end":{"line":150,"column":15}},"53":{"start":{"line":148,"column":16},"end":{"line":148,"column":35}},"54":{"start":{"line":149,"column":16},"end":{"line":149,"column":22}},"55":{"start":{"line":152,"column":14},"end":{"line":155,"column":18}},"56":{"start":{"line":158,"column":14},"end":{"line":161,"column":15}},"57":{"start":{"line":159,"column":16},"end":{"line":159,"column":35}},"58":{"start":{"line":160,"column":16},"end":{"line":160,"column":22}},"59":{"start":{"line":163,"column":14},"end":{"line":166,"column":18}},"60":{"start":{"line":169,"column":14},"end":{"line":172,"column":15}},"61":{"start":{"line":170,"column":16},"end":{"line":170,"column":35}},"62":{"start":{"line":171,"column":16},"end":{"line":171,"column":22}},"63":{"start":{"line":174,"column":14},"end":{"line":177,"column":18}},"64":{"start":{"line":180,"column":14},"end":{"line":183,"column":15}},"65":{"start":{"line":181,"column":16},"end":{"line":181,"column":35}},"66":{"start":{"line":182,"column":16},"end":{"line":182,"column":22}},"67":{"start":{"line":185,"column":14},"end":{"line":188,"column":18}},"68":{"start":{"line":191,"column":14},"end":{"line":191,"column":74}},"69":{"start":{"line":192,"column":14},"end":{"line":192,"column":163}},"70":{"start":{"line":193,"column":14},"end":{"line":193,"column":80}},"71":{"start":{"line":194,"column":14},"end":{"line":194,"column":34}},"72":{"start":{"line":195,"column":14},"end":{"line":195,"column":34}},"73":{"start":{"line":196,"column":14},"end":{"line":196,"column":71}},"74":{"start":{"line":199,"column":14},"end":{"line":199,"column":37}},"75":{"start":{"line":200,"column":14},"end":{"line":200,"column":32}},"76":{"start":{"line":201,"column":14},"end":{"line":201,"column":38}},"77":{"start":{"line":202,"column":14},"end":{"line":202,"column":39}},"78":{"start":{"line":203,"column":14},"end":{"line":203,"column":73}},"79":{"start":{"line":204,"column":14},"end":{"line":211,"column":18}},"80":{"start":{"line":214,"column":14},"end":{"line":214,"column":34}},"81":{"start":{"line":215,"column":14},"end":{"line":215,"column":52}},"82":{"start":{"line":217,"column":14},"end":{"line":220,"column":15}},"83":{"start":{"line":218,"column":16},"end":{"line":218,"column":36}},"84":{"start":{"line":219,"column":16},"end":{"line":219,"column":22}},"85":{"start":{"line":222,"column":14},"end":{"line":225,"column":18}},"86":{"start":{"line":228,"column":14},"end":{"line":231,"column":18}},"87":{"start":{"line":235,"column":14},"end":{"line":235,"column":38}},"88":{"start":{"line":242,"column":6},"end":{"line":242,"column":49}},"89":{"start":{"line":245,"column":4},"end":{"line":245,"column":23}},"90":{"start":{"line":255,"column":18},"end":{"line":345,"column":7}},"91":{"start":{"line":260,"column":6},"end":{"line":344,"column":36}},"92":{"start":{"line":261,"column":8},"end":{"line":343,"column":9}},"93":{"start":{"line":262,"column":10},"end":{"line":342,"column":11}},"94":{"start":{"line":264,"column":14},"end":{"line":264,"column":94}},"95":{"start":{"line":266,"column":14},"end":{"line":269,"column":15}},"96":{"start":{"line":267,"column":16},"end":{"line":267,"column":35}},"97":{"start":{"line":268,"column":16},"end":{"line":268,"column":22}},"98":{"start":{"line":271,"column":14},"end":{"line":274,"column":18}},"99":{"start":{"line":277,"column":14},"end":{"line":280,"column":15}},"100":{"start":{"line":278,"column":16},"end":{"line":278,"column":35}},"101":{"start":{"line":279,"column":16},"end":{"line":279,"column":22}},"102":{"start":{"line":282,"column":14},"end":{"line":285,"column":18}},"103":{"start":{"line":288,"column":14},"end":{"line":288,"column":67}},"104":{"start":{"line":289,"column":14},"end":{"line":289,"column":33}},"105":{"start":{"line":290,"column":14},"end":{"line":290,"column":33}},"106":{"start":{"line":291,"column":14},"end":{"line":291,"column":67}},"107":{"start":{"line":294,"column":14},"end":{"line":294,"column":37}},"108":{"start":{"line":295,"column":14},"end":{"line":295,"column":32}},"109":{"start":{"line":297,"column":14},"end":{"line":300,"column":15}},"110":{"start":{"line":298,"column":16},"end":{"line":298,"column":36}},"111":{"start":{"line":299,"column":16},"end":{"line":299,"column":22}},"112":{"start":{"line":302,"column":14},"end":{"line":305,"column":18}},"113":{"start":{"line":308,"column":14},"end":{"line":311,"column":15}},"114":{"start":{"line":309,"column":16},"end":{"line":309,"column":36}},"115":{"start":{"line":310,"column":16},"end":{"line":310,"column":22}},"116":{"start":{"line":313,"column":14},"end":{"line":316,"column":18}},"117":{"start":{"line":319,"column":14},"end":{"line":319,"column":73}},"118":{"start":{"line":320,"column":14},"end":{"line":320,"column":35}},"119":{"start":{"line":321,"column":14},"end":{"line":321,"column":42}},"120":{"start":{"line":322,"column":14},"end":{"line":329,"column":18}},"121":{"start":{"line":332,"column":14},"end":{"line":332,"column":34}},"122":{"start":{"line":333,"column":14},"end":{"line":333,"column":51}},"123":{"start":{"line":334,"column":14},"end":{"line":337,"column":18}},"124":{"start":{"line":341,"column":14},"end":{"line":341,"column":38}},"125":{"start":{"line":348,"column":6},"end":{"line":348,"column":44}},"126":{"start":{"line":351,"column":4},"end":{"line":351,"column":18}},"127":{"start":{"line":354,"column":15},"end":{"line":354,"column":20}},"128":{"start":{"line":355,"column":0},"end":{"line":355,"column":30}}},"fnMap":{"0":{"name":"(anonymous_0)","decl":{"start":{"line":26,"column":10},"end":{"line":26,"column":11}},"loc":{"start":{"line":26,"column":22},"end":{"line":127,"column":3}},"line":26},"1":{"name":"_callee","decl":{"start":{"line":29,"column":42},"end":{"line":29,"column":49}},"loc":{"start":{"line":29,"column":60},"end":{"line":120,"column":5}},"line":29},"2":{"name":"_callee$","decl":{"start":{"line":32,"column":51},"end":{"line":32,"column":59}},"loc":{"start":{"line":32,"column":70},"end":{"line":119,"column":7}},"line":32},"3":{"name":"signup","decl":{"start":{"line":122,"column":13},"end":{"line":122,"column":19}},"loc":{"start":{"line":122,"column":29},"end":{"line":124,"column":5}},"line":122},"4":{"name":"(anonymous_4)","decl":{"start":{"line":135,"column":15},"end":{"line":135,"column":16}},"loc":{"start":{"line":135,"column":27},"end":{"line":246,"column":3}},"line":135},"5":{"name":"_callee2","decl":{"start":{"line":138,"column":42},"end":{"line":138,"column":50}},"loc":{"start":{"line":138,"column":61},"end":{"line":239,"column":5}},"line":138},"6":{"name":"_callee2$","decl":{"start":{"line":141,"column":51},"end":{"line":141,"column":60}},"loc":{"start":{"line":141,"column":72},"end":{"line":238,"column":7}},"line":141},"7":{"name":"AdminSignup","decl":{"start":{"line":241,"column":13},"end":{"line":241,"column":24}},"loc":{"start":{"line":241,"column":35},"end":{"line":243,"column":5}},"line":241},"8":{"name":"(anonymous_8)","decl":{"start":{"line":254,"column":10},"end":{"line":254,"column":11}},"loc":{"start":{"line":254,"column":22},"end":{"line":352,"column":3}},"line":254},"9":{"name":"_callee3","decl":{"start":{"line":257,"column":42},"end":{"line":257,"column":50}},"loc":{"start":{"line":257,"column":61},"end":{"line":345,"column":5}},"line":257},"10":{"name":"_callee3$","decl":{"start":{"line":260,"column":51},"end":{"line":260,"column":60}},"loc":{"start":{"line":260,"column":72},"end":{"line":344,"column":7}},"line":260},"11":{"name":"signin","decl":{"start":{"line":347,"column":13},"end":{"line":347,"column":19}},"loc":{"start":{"line":347,"column":30},"end":{"line":349,"column":5}},"line":347}},"branchMap":{"0":{"loc":{"start":{"line":34,"column":10},"end":{"line":117,"column":11}},"type":"switch","locations":[{"start":{"line":35,"column":12},"end":{"line":46,"column":18}},{"start":{"line":48,"column":12},"end":{"line":57,"column":18}},{"start":{"line":59,"column":12},"end":{"line":68,"column":18}},{"start":{"line":70,"column":12},"end":{"line":76,"column":66}},{"start":{"line":78,"column":12},"end":{"line":92,"column":18}},{"start":{"line":94,"column":12},"end":{"line":106,"column":18}},{"start":{"line":108,"column":12},"end":{"line":112,"column":18}},{"start":{"line":114,"column":12},"end":{"line":114,"column":20}},{"start":{"line":115,"column":12},"end":{"line":116,"column":37}}],"line":34},"1":{"loc":{"start":{"line":38,"column":14},"end":{"line":41,"column":15}},"type":"if","locations":[{"start":{"line":38,"column":14},"end":{"line":41,"column":15}},{"start":{"line":38,"column":14},"end":{"line":41,"column":15}}],"line":38},"2":{"loc":{"start":{"line":38,"column":20},"end":{"line":38,"column":68}},"type":"binary-expr","locations":[{"start":{"line":38,"column":20},"end":{"line":38,"column":26}},{"start":{"line":38,"column":30},"end":{"line":38,"column":39}},{"start":{"line":38,"column":43},"end":{"line":38,"column":54}},{"start":{"line":38,"column":58},"end":{"line":38,"column":68}}],"line":38},"3":{"loc":{"start":{"line":49,"column":14},"end":{"line":52,"column":15}},"type":"if","locations":[{"start":{"line":49,"column":14},"end":{"line":52,"column":15}},{"start":{"line":49,"column":14},"end":{"line":52,"column":15}}],"line":49},"4":{"loc":{"start":{"line":60,"column":14},"end":{"line":63,"column":15}},"type":"if","locations":[{"start":{"line":60,"column":14},"end":{"line":63,"column":15}},{"start":{"line":60,"column":14},"end":{"line":63,"column":15}}],"line":60},"5":{"loc":{"start":{"line":98,"column":14},"end":{"line":101,"column":15}},"type":"if","locations":[{"start":{"line":98,"column":14},"end":{"line":101,"column":15}},{"start":{"line":98,"column":14},"end":{"line":101,"column":15}}],"line":98},"6":{"loc":{"start":{"line":143,"column":10},"end":{"line":236,"column":11}},"type":"switch","locations":[{"start":{"line":144,"column":12},"end":{"line":155,"column":18}},{"start":{"line":157,"column":12},"end":{"line":166,"column":18}},{"start":{"line":168,"column":12},"end":{"line":177,"column":18}},{"start":{"line":179,"column":12},"end":{"line":188,"column":18}},{"start":{"line":190,"column":12},"end":{"line":196,"column":71}},{"start":{"line":198,"column":12},"end":{"line":211,"column":18}},{"start":{"line":213,"column":12},"end":{"line":225,"column":18}},{"start":{"line":227,"column":12},"end":{"line":231,"column":18}},{"start":{"line":233,"column":12},"end":{"line":233,"column":20}},{"start":{"line":234,"column":12},"end":{"line":235,"column":38}}],"line":143},"7":{"loc":{"start":{"line":147,"column":14},"end":{"line":150,"column":15}},"type":"if","locations":[{"start":{"line":147,"column":14},"end":{"line":150,"column":15}},{"start":{"line":147,"column":14},"end":{"line":150,"column":15}}],"line":147},"8":{"loc":{"start":{"line":158,"column":14},"end":{"line":161,"column":15}},"type":"if","locations":[{"start":{"line":158,"column":14},"end":{"line":161,"column":15}},{"start":{"line":158,"column":14},"end":{"line":161,"column":15}}],"line":158},"9":{"loc":{"start":{"line":158,"column":20},"end":{"line":158,"column":68}},"type":"binary-expr","locations":[{"start":{"line":158,"column":20},"end":{"line":158,"column":26}},{"start":{"line":158,"column":30},"end":{"line":158,"column":41}},{"start":{"line":158,"column":45},"end":{"line":158,"column":55}},{"start":{"line":158,"column":59},"end":{"line":158,"column":68}}],"line":158},"10":{"loc":{"start":{"line":169,"column":14},"end":{"line":172,"column":15}},"type":"if","locations":[{"start":{"line":169,"column":14},"end":{"line":172,"column":15}},{"start":{"line":169,"column":14},"end":{"line":172,"column":15}}],"line":169},"11":{"loc":{"start":{"line":180,"column":14},"end":{"line":183,"column":15}},"type":"if","locations":[{"start":{"line":180,"column":14},"end":{"line":183,"column":15}},{"start":{"line":180,"column":14},"end":{"line":183,"column":15}}],"line":180},"12":{"loc":{"start":{"line":217,"column":14},"end":{"line":220,"column":15}},"type":"if","locations":[{"start":{"line":217,"column":14},"end":{"line":220,"column":15}},{"start":{"line":217,"column":14},"end":{"line":220,"column":15}}],"line":217},"13":{"loc":{"start":{"line":262,"column":10},"end":{"line":342,"column":11}},"type":"switch","locations":[{"start":{"line":263,"column":12},"end":{"line":274,"column":18}},{"start":{"line":276,"column":12},"end":{"line":285,"column":18}},{"start":{"line":287,"column":12},"end":{"line":291,"column":67}},{"start":{"line":293,"column":12},"end":{"line":305,"column":18}},{"start":{"line":307,"column":12},"end":{"line":316,"column":18}},{"start":{"line":318,"column":12},"end":{"line":329,"column":18}},{"start":{"line":331,"column":12},"end":{"line":337,"column":18}},{"start":{"line":339,"column":12},"end":{"line":339,"column":20}},{"start":{"line":340,"column":12},"end":{"line":341,"column":38}}],"line":262},"14":{"loc":{"start":{"line":266,"column":14},"end":{"line":269,"column":15}},"type":"if","locations":[{"start":{"line":266,"column":14},"end":{"line":269,"column":15}},{"start":{"line":266,"column":14},"end":{"line":269,"column":15}}],"line":266},"15":{"loc":{"start":{"line":266,"column":20},"end":{"line":266,"column":39}},"type":"binary-expr","locations":[{"start":{"line":266,"column":20},"end":{"line":266,"column":26}},{"start":{"line":266,"column":30},"end":{"line":266,"column":39}}],"line":266},"16":{"loc":{"start":{"line":277,"column":14},"end":{"line":280,"column":15}},"type":"if","locations":[{"start":{"line":277,"column":14},"end":{"line":280,"column":15}},{"start":{"line":277,"column":14},"end":{"line":280,"column":15}}],"line":277},"17":{"loc":{"start":{"line":297,"column":14},"end":{"line":300,"column":15}},"type":"if","locations":[{"start":{"line":297,"column":14},"end":{"line":300,"column":15}},{"start":{"line":297,"column":14},"end":{"line":300,"column":15}}],"line":297},"18":{"loc":{"start":{"line":308,"column":14},"end":{"line":311,"column":15}},"type":"if","locations":[{"start":{"line":308,"column":14},"end":{"line":311,"column":15}},{"start":{"line":308,"column":14},"end":{"line":311,"column":15}}],"line":308}},"s":{"0":1,"1":1,"2":1,"3":1,"4":1,"5":1,"6":1,"7":1,"8":1,"9":9,"10":20,"11":29,"12":9,"13":9,"14":4,"15":4,"16":5,"17":4,"18":3,"19":3,"20":1,"21":3,"22":2,"23":2,"24":1,"25":2,"26":2,"27":2,"28":2,"29":2,"30":2,"31":1,"32":1,"33":1,"34":1,"35":1,"36":1,"37":1,"38":1,"39":1,"40":0,"41":0,"42":1,"43":0,"44":9,"45":9,"46":1,"47":1,"48":8,"49":16,"50":26,"51":8,"52":8,"53":7,"54":7,"55":1,"56":7,"57":2,"58":2,"59":5,"60":2,"61":1,"62":1,"63":1,"64":1,"65":0,"66":0,"67":1,"68":0,"69":0,"70":0,"71":0,"72":0,"73":0,"74":0,"75":0,"76":0,"77":0,"78":0,"79":0,"80":0,"81":0,"82":0,"83":0,"84":0,"85":0,"86":0,"87":8,"88":8,"89":1,"90":1,"91":5,"92":11,"93":15,"94":5,"95":5,"96":2,"97":2,"98":3,"99":2,"100":1,"101":1,"102":1,"103":1,"104":1,"105":1,"106":1,"107":1,"108":1,"109":1,"110":1,"111":1,"112":0,"113":1,"114":0,"115":0,"116":1,"117":0,"118":0,"119":0,"120":0,"121":0,"122":0,"123":0,"124":5,"125":5,"126":1,"127":1,"128":1},"f":{"0":1,"1":9,"2":20,"3":9,"4":1,"5":8,"6":16,"7":8,"8":1,"9":5,"10":11,"11":5},"b":{"0":[9,4,3,2,1,1,0,0,9],"1":[4,5],"2":[9,7,6,5],"3":[3,1],"4":[2,1],"5":[0,1],"6":[8,7,2,1,0,0,0,0,0,8],"7":[7,1],"8":[2,5],"9":[7,5,4,3],"10":[1,1],"11":[0,1],"12":[0,0],"13":[5,2,1,1,1,0,0,0,5],"14":[2,3],"15":[5,3],"16":[1,1],"17":[1,0],"18":[0,1]},"_coverageSchema":"43e27e138ebf9cfc5966b082cf9a028302ed4184","hash":"b86c23f8f820a96a6e0e694b00d1524067434175","contentHash":"c096afcd0aaeec54b7e8d1ba2c72a864a2f9ced574e08461b7ebca7e464adeb8"},"C:\\Users\\ADETEJU\\Desktop\\code\\Andela\\WayFarer\\api\\models\\query.js":{"path":"C:\\Users\\ADETEJU\\Desktop\\code\\Andela\\WayFarer\\api\\models\\query.js","statementMap":{"0":{"start":{"line":3,"column":29},"end":{"line":3,"column":84}},"1":{"start":{"line":5,"column":0},"end":{"line":7,"column":3}},"2":{"start":{"line":8,"column":0},"end":{"line":8,"column":28}},"3":{"start":{"line":10,"column":10},"end":{"line":10,"column":23}},"4":{"start":{"line":12,"column":14},"end":{"line":12,"column":55}},"5":{"start":{"line":14,"column":0},"end":{"line":14,"column":28}},"6":{"start":{"line":16,"column":11},"end":{"line":18,"column":2}},"7":{"start":{"line":19,"column":15},"end":{"line":35,"column":1}},"8":{"start":{"line":27,"column":4},"end":{"line":33,"column":7}},"9":{"start":{"line":28,"column":6},"end":{"line":32,"column":9}},"10":{"start":{"line":29,"column":8},"end":{"line":29,"column":21}},"11":{"start":{"line":31,"column":8},"end":{"line":31,"column":20}},"12":{"start":{"line":36,"column":0},"end":{"line":36,"column":30}}},"fnMap":{"0":{"name":"query","decl":{"start":{"line":26,"column":18},"end":{"line":26,"column":23}},"loc":{"start":{"line":26,"column":43},"end":{"line":34,"column":3}},"line":26},"1":{"name":"(anonymous_1)","decl":{"start":{"line":27,"column":23},"end":{"line":27,"column":24}},"loc":{"start":{"line":27,"column":50},"end":{"line":33,"column":5}},"line":27},"2":{"name":"(anonymous_2)","decl":{"start":{"line":28,"column":41},"end":{"line":28,"column":42}},"loc":{"start":{"line":28,"column":56},"end":{"line":30,"column":7}},"line":28},"3":{"name":"(anonymous_3)","decl":{"start":{"line":30,"column":18},"end":{"line":30,"column":19}},"loc":{"start":{"line":30,"column":33},"end":{"line":32,"column":7}},"line":30}},"branchMap":{},"s":{"0":1,"1":1,"2":1,"3":1,"4":1,"5":1,"6":1,"7":1,"8":16,"9":16,"10":13,"11":3,"12":1},"f":{"0":16,"1":16,"2":13,"3":3},"b":{},"_coverageSchema":"43e27e138ebf9cfc5966b082cf9a028302ed4184","hash":"b5ea169318276a0d57a1f90133c94dabb7125bae","contentHash":"da48d6f829425a346345ca1b3dc1cb7e24ae1919064ae32429e661bac4905766"},"C:\\Users\\ADETEJU\\Desktop\\code\\Andela\\WayFarer\\api\\services\\helpers.js":{"path":"C:\\Users\\ADETEJU\\Desktop\\code\\Andela\\WayFarer\\api\\services\\helpers.js","statementMap":{"0":{"start":{"line":3,"column":29},"end":{"line":3,"column":84}},"1":{"start":{"line":5,"column":0},"end":{"line":7,"column":3}},"2":{"start":{"line":8,"column":0},"end":{"line":8,"column":28}},"3":{"start":{"line":10,"column":14},"end":{"line":10,"column":55}},"4":{"start":{"line":12,"column":20},"end":{"line":12,"column":67}},"5":{"start":{"line":14,"column":13},"end":{"line":98,"column":1}},"6":{"start":{"line":21,"column":4},"end":{"line":21,"column":84}},"7":{"start":{"line":30,"column":4},"end":{"line":32,"column":5}},"8":{"start":{"line":31,"column":6},"end":{"line":31,"column":19}},"9":{"start":{"line":34,"column":4},"end":{"line":34,"column":16}},"10":{"start":{"line":44,"column":4},"end":{"line":44,"column":66}},"11":{"start":{"line":53,"column":4},"end":{"line":53,"column":38}},"12":{"start":{"line":62,"column":4},"end":{"line":64,"column":5}},"13":{"start":{"line":63,"column":6},"end":{"line":63,"column":18}},"14":{"start":{"line":66,"column":4},"end":{"line":68,"column":5}},"15":{"start":{"line":67,"column":6},"end":{"line":67,"column":19}},"16":{"start":{"line":70,"column":4},"end":{"line":70,"column":16}},"17":{"start":{"line":79,"column":4},"end":{"line":81,"column":5}},"18":{"start":{"line":80,"column":6},"end":{"line":80,"column":18}},"19":{"start":{"line":90,"column":16},"end":{"line":94,"column":6}},"20":{"start":{"line":96,"column":4},"end":{"line":96,"column":17}},"21":{"start":{"line":99,"column":15},"end":{"line":99,"column":21}},"22":{"start":{"line":100,"column":0},"end":{"line":100,"column":30}}},"fnMap":{"0":{"name":"hashPassword","decl":{"start":{"line":20,"column":25},"end":{"line":20,"column":37}},"loc":{"start":{"line":20,"column":48},"end":{"line":22,"column":3}},"line":20},"1":{"name":"validatePassword","decl":{"start":{"line":29,"column":29},"end":{"line":29,"column":45}},"loc":{"start":{"line":29,"column":56},"end":{"line":35,"column":3}},"line":29},"2":{"name":"comparePassword","decl":{"start":{"line":43,"column":28},"end":{"line":43,"column":43}},"loc":{"start":{"line":43,"column":68},"end":{"line":45,"column":3}},"line":43},"3":{"name":"isValidEmail","decl":{"start":{"line":52,"column":25},"end":{"line":52,"column":37}},"loc":{"start":{"line":52,"column":45},"end":{"line":54,"column":3}},"line":52},"4":{"name":"isEmpty","decl":{"start":{"line":61,"column":20},"end":{"line":61,"column":27}},"loc":{"start":{"line":61,"column":35},"end":{"line":71,"column":3}},"line":61},"5":{"name":"empty","decl":{"start":{"line":78,"column":18},"end":{"line":78,"column":23}},"loc":{"start":{"line":78,"column":31},"end":{"line":82,"column":3}},"line":78},"6":{"name":"generateToken","decl":{"start":{"line":89,"column":26},"end":{"line":89,"column":39}},"loc":{"start":{"line":89,"column":44},"end":{"line":97,"column":3}},"line":89}},"branchMap":{"0":{"loc":{"start":{"line":30,"column":4},"end":{"line":32,"column":5}},"type":"if","locations":[{"start":{"line":30,"column":4},"end":{"line":32,"column":5}},{"start":{"line":30,"column":4},"end":{"line":32,"column":5}}],"line":30},"1":{"loc":{"start":{"line":30,"column":8},"end":{"line":30,"column":79}},"type":"binary-expr","locations":[{"start":{"line":30,"column":8},"end":{"line":30,"column":28}},{"start":{"line":30,"column":32},"end":{"line":30,"column":47}},{"start":{"line":30,"column":51},"end":{"line":30,"column":79}}],"line":30},"2":{"loc":{"start":{"line":62,"column":4},"end":{"line":64,"column":5}},"type":"if","locations":[{"start":{"line":62,"column":4},"end":{"line":64,"column":5}},{"start":{"line":62,"column":4},"end":{"line":64,"column":5}}],"line":62},"3":{"loc":{"start":{"line":62,"column":8},"end":{"line":62,"column":43}},"type":"binary-expr","locations":[{"start":{"line":62,"column":8},"end":{"line":62,"column":27}},{"start":{"line":62,"column":31},"end":{"line":62,"column":43}}],"line":62},"4":{"loc":{"start":{"line":66,"column":4},"end":{"line":68,"column":5}},"type":"if","locations":[{"start":{"line":66,"column":4},"end":{"line":68,"column":5}},{"start":{"line":66,"column":4},"end":{"line":68,"column":5}}],"line":66},"5":{"loc":{"start":{"line":79,"column":4},"end":{"line":81,"column":5}},"type":"if","locations":[{"start":{"line":79,"column":4},"end":{"line":81,"column":5}},{"start":{"line":79,"column":4},"end":{"line":81,"column":5}}],"line":79},"6":{"loc":{"start":{"line":79,"column":8},"end":{"line":79,"column":43}},"type":"binary-expr","locations":[{"start":{"line":79,"column":8},"end":{"line":79,"column":27}},{"start":{"line":79,"column":31},"end":{"line":79,"column":43}}],"line":79}},"s":{"0":1,"1":1,"2":1,"3":1,"4":1,"5":1,"6":2,"7":4,"8":2,"9":2,"10":1,"11":8,"12":0,"13":0,"14":0,"15":0,"16":0,"17":0,"18":0,"19":1,"20":1,"21":1,"22":1},"f":{"0":2,"1":4,"2":1,"3":8,"4":0,"5":0,"6":1},"b":{"0":[2,2],"1":[4,2,2],"2":[0,0],"3":[0,0],"4":[0,0],"5":[0,0],"6":[0,0]},"_coverageSchema":"43e27e138ebf9cfc5966b082cf9a028302ed4184","hash":"92c104a4459d8359ef9ffc74537cc1195f3dcacb","contentHash":"aee0538f6d699c404e4bcfa1f6fccaa9f2ccd9e873a78070c48ea421d07cbea0"},"C:\\Users\\ADETEJU\\Desktop\\code\\Andela\\WayFarer\\api\\routes\\tripRoutes.js":{"path":"C:\\Users\\ADETEJU\\Desktop\\code\\Andela\\WayFarer\\api\\routes\\tripRoutes.js","statementMap":{"0":{"start":{"line":3,"column":29},"end":{"line":3,"column":84}},"1":{"start":{"line":5,"column":0},"end":{"line":7,"column":3}},"2":{"start":{"line":8,"column":0},"end":{"line":8,"column":28}},"3":{"start":{"line":10,"column":15},"end":{"line":10,"column":57}},"4":{"start":{"line":12,"column":22},"end":{"line":12,"column":86}},"5":{"start":{"line":14,"column":12},"end":{"line":14,"column":65}},"6":{"start":{"line":16,"column":13},"end":{"line":16,"column":41}},"7":{"start":{"line":19,"column":0},"end":{"line":19,"column":91}},"8":{"start":{"line":20,"column":0},"end":{"line":20,"column":91}},"9":{"start":{"line":21,"column":0},"end":{"line":21,"column":100}},"10":{"start":{"line":22,"column":15},"end":{"line":22,"column":21}},"11":{"start":{"line":23,"column":0},"end":{"line":23,"column":30}}},"fnMap":{},"branchMap":{},"s":{"0":1,"1":1,"2":1,"3":1,"4":1,"5":1,"6":1,"7":1,"8":1,"9":1,"10":1,"11":1},"f":{},"b":{},"_coverageSchema":"43e27e138ebf9cfc5966b082cf9a028302ed4184","hash":"24da3215d564b801faf64cb22c86f56023a29d95","contentHash":"db9a8975981381ffb28d194cf2bc82a9f51b8b31396cb25d70a2eb2dffd2b63f"},"C:\\Users\\ADETEJU\\Desktop\\code\\Andela\\WayFarer\\api\\controllers\\tripController.js":{"path":"C:\\Users\\ADETEJU\\Desktop\\code\\Andela\\WayFarer\\api\\controllers\\tripController.js","statementMap":{"0":{"start":{"line":3,"column":29},"end":{"line":3,"column":84}},"1":{"start":{"line":5,"column":0},"end":{"line":7,"column":3}},"2":{"start":{"line":8,"column":0},"end":{"line":8,"column":28}},"3":{"start":{"line":10,"column":19},"end":{"line":10,"column":80}},"4":{"start":{"line":12,"column":25},"end":{"line":12,"column":99}},"5":{"start":{"line":14,"column":13},"end":{"line":14,"column":63}},"6":{"start":{"line":16,"column":12},"end":{"line":242,"column":1}},"7":{"start":{"line":24,"column":22},"end":{"line":88,"column":7}},"8":{"start":{"line":29,"column":6},"end":{"line":87,"column":35}},"9":{"start":{"line":30,"column":8},"end":{"line":86,"column":9}},"10":{"start":{"line":31,"column":10},"end":{"line":85,"column":11}},"11":{"start":{"line":33,"column":14},"end":{"line":33,"column":182}},"12":{"start":{"line":34,"column":14},"end":{"line":34,"column":43}},"13":{"start":{"line":36,"column":14},"end":{"line":39,"column":15}},"14":{"start":{"line":37,"column":16},"end":{"line":37,"column":34}},"15":{"start":{"line":38,"column":16},"end":{"line":38,"column":22}},"16":{"start":{"line":41,"column":14},"end":{"line":44,"column":18}},"17":{"start":{"line":47,"column":14},"end":{"line":50,"column":15}},"18":{"start":{"line":48,"column":16},"end":{"line":48,"column":34}},"19":{"start":{"line":49,"column":16},"end":{"line":49,"column":22}},"20":{"start":{"line":52,"column":14},"end":{"line":55,"column":18}},"21":{"start":{"line":58,"column":14},"end":{"line":58,"column":165}},"22":{"start":{"line":59,"column":14},"end":{"line":59,"column":70}},"23":{"start":{"line":60,"column":14},"end":{"line":60,"column":32}},"24":{"start":{"line":61,"column":14},"end":{"line":61,"column":33}},"25":{"start":{"line":62,"column":14},"end":{"line":62,"column":70}},"26":{"start":{"line":65,"column":14},"end":{"line":65,"column":35}},"27":{"start":{"line":66,"column":14},"end":{"line":66,"column":31}},"28":{"start":{"line":67,"column":14},"end":{"line":67,"column":29}},"29":{"start":{"line":68,"column":14},"end":{"line":72,"column":18}},"30":{"start":{"line":75,"column":14},"end":{"line":75,"column":33}},"31":{"start":{"line":76,"column":14},"end":{"line":76,"column":49}},"32":{"start":{"line":77,"column":14},"end":{"line":80,"column":18}},"33":{"start":{"line":84,"column":14},"end":{"line":84,"column":37}},"34":{"start":{"line":91,"column":6},"end":{"line":91,"column":48}},"35":{"start":{"line":94,"column":4},"end":{"line":94,"column":22}},"36":{"start":{"line":104,"column":22},"end":{"line":169,"column":7}},"37":{"start":{"line":109,"column":6},"end":{"line":168,"column":36}},"38":{"start":{"line":110,"column":8},"end":{"line":167,"column":9}},"39":{"start":{"line":111,"column":10},"end":{"line":166,"column":11}},"40":{"start":{"line":113,"column":14},"end":{"line":113,"column":41}},"41":{"start":{"line":114,"column":14},"end":{"line":114,"column":43}},"42":{"start":{"line":115,"column":14},"end":{"line":115,"column":38}},"43":{"start":{"line":117,"column":14},"end":{"line":120,"column":15}},"44":{"start":{"line":118,"column":16},"end":{"line":118,"column":35}},"45":{"start":{"line":119,"column":16},"end":{"line":119,"column":22}},"46":{"start":{"line":122,"column":14},"end":{"line":125,"column":18}},"47":{"start":{"line":128,"column":14},"end":{"line":128,"column":81}},"48":{"start":{"line":129,"column":14},"end":{"line":129,"column":33}},"49":{"start":{"line":130,"column":14},"end":{"line":130,"column":33}},"50":{"start":{"line":131,"column":14},"end":{"line":131,"column":72}},"51":{"start":{"line":134,"column":14},"end":{"line":134,"column":37}},"52":{"start":{"line":135,"column":14},"end":{"line":135,"column":32}},"53":{"start":{"line":136,"column":14},"end":{"line":136,"column":32}},"54":{"start":{"line":138,"column":14},"end":{"line":141,"column":15}},"55":{"start":{"line":139,"column":16},"end":{"line":139,"column":36}},"56":{"start":{"line":140,"column":16},"end":{"line":140,"column":22}},"57":{"start":{"line":143,"column":14},"end":{"line":146,"column":18}},"58":{"start":{"line":149,"column":14},"end":{"line":153,"column":18}},"59":{"start":{"line":156,"column":14},"end":{"line":156,"column":34}},"60":{"start":{"line":157,"column":14},"end":{"line":157,"column":51}},"61":{"start":{"line":158,"column":14},"end":{"line":161,"column":18}},"62":{"start":{"line":165,"column":14},"end":{"line":165,"column":38}},"63":{"start":{"line":172,"column":6},"end":{"line":172,"column":48}},"64":{"start":{"line":175,"column":4},"end":{"line":175,"column":22}},"65":{"start":{"line":185,"column":23},"end":{"line":234,"column":7}},"66":{"start":{"line":190,"column":6},"end":{"line":233,"column":36}},"67":{"start":{"line":191,"column":8},"end":{"line":232,"column":9}},"68":{"start":{"line":192,"column":10},"end":{"line":231,"column":11}},"69":{"start":{"line":194,"column":14},"end":{"line":194,"column":76}},"70":{"start":{"line":195,"column":14},"end":{"line":195,"column":33}},"71":{"start":{"line":196,"column":14},"end":{"line":196,"column":33}},"72":{"start":{"line":197,"column":14},"end":{"line":197,"column":63}},"73":{"start":{"line":200,"column":14},"end":{"line":200,"column":37}},"74":{"start":{"line":201,"column":14},"end":{"line":201,"column":32}},"75":{"start":{"line":202,"column":14},"end":{"line":202,"column":26}},"76":{"start":{"line":204,"column":14},"end":{"line":207,"column":15}},"77":{"start":{"line":205,"column":16},"end":{"line":205,"column":35}},"78":{"start":{"line":206,"column":16},"end":{"line":206,"column":22}},"79":{"start":{"line":209,"column":14},"end":{"line":212,"column":18}},"80":{"start":{"line":215,"column":14},"end":{"line":218,"column":18}},"81":{"start":{"line":221,"column":14},"end":{"line":221,"column":34}},"82":{"start":{"line":222,"column":14},"end":{"line":222,"column":51}},"83":{"start":{"line":223,"column":14},"end":{"line":226,"column":18}},"84":{"start":{"line":230,"column":14},"end":{"line":230,"column":38}},"85":{"start":{"line":237,"column":6},"end":{"line":237,"column":49}},"86":{"start":{"line":240,"column":4},"end":{"line":240,"column":23}},"87":{"start":{"line":243,"column":15},"end":{"line":243,"column":20}},"88":{"start":{"line":244,"column":0},"end":{"line":244,"column":30}}},"fnMap":{"0":{"name":"(anonymous_0)","decl":{"start":{"line":23,"column":14},"end":{"line":23,"column":15}},"loc":{"start":{"line":23,"column":26},"end":{"line":95,"column":3}},"line":23},"1":{"name":"_callee","decl":{"start":{"line":26,"column":42},"end":{"line":26,"column":49}},"loc":{"start":{"line":26,"column":60},"end":{"line":88,"column":5}},"line":26},"2":{"name":"_callee$","decl":{"start":{"line":29,"column":51},"end":{"line":29,"column":59}},"loc":{"start":{"line":29,"column":70},"end":{"line":87,"column":7}},"line":29},"3":{"name":"createTrip","decl":{"start":{"line":90,"column":13},"end":{"line":90,"column":23}},"loc":{"start":{"line":90,"column":33},"end":{"line":92,"column":5}},"line":90},"4":{"name":"(anonymous_4)","decl":{"start":{"line":103,"column":14},"end":{"line":103,"column":15}},"loc":{"start":{"line":103,"column":26},"end":{"line":176,"column":3}},"line":103},"5":{"name":"_callee2","decl":{"start":{"line":106,"column":42},"end":{"line":106,"column":50}},"loc":{"start":{"line":106,"column":61},"end":{"line":169,"column":5}},"line":106},"6":{"name":"_callee2$","decl":{"start":{"line":109,"column":51},"end":{"line":109,"column":60}},"loc":{"start":{"line":109,"column":72},"end":{"line":168,"column":7}},"line":109},"7":{"name":"cancelTrip","decl":{"start":{"line":171,"column":13},"end":{"line":171,"column":23}},"loc":{"start":{"line":171,"column":34},"end":{"line":173,"column":5}},"line":171},"8":{"name":"(anonymous_8)","decl":{"start":{"line":184,"column":15},"end":{"line":184,"column":16}},"loc":{"start":{"line":184,"column":27},"end":{"line":241,"column":3}},"line":184},"9":{"name":"_callee3","decl":{"start":{"line":187,"column":42},"end":{"line":187,"column":50}},"loc":{"start":{"line":187,"column":61},"end":{"line":234,"column":5}},"line":187},"10":{"name":"_callee3$","decl":{"start":{"line":190,"column":51},"end":{"line":190,"column":60}},"loc":{"start":{"line":190,"column":72},"end":{"line":233,"column":7}},"line":190},"11":{"name":"getAllTrips","decl":{"start":{"line":236,"column":13},"end":{"line":236,"column":24}},"loc":{"start":{"line":236,"column":35},"end":{"line":238,"column":5}},"line":236}},"branchMap":{"0":{"loc":{"start":{"line":31,"column":10},"end":{"line":85,"column":11}},"type":"switch","locations":[{"start":{"line":32,"column":12},"end":{"line":44,"column":18}},{"start":{"line":46,"column":12},"end":{"line":55,"column":18}},{"start":{"line":57,"column":12},"end":{"line":62,"column":70}},{"start":{"line":64,"column":12},"end":{"line":72,"column":18}},{"start":{"line":74,"column":12},"end":{"line":80,"column":18}},{"start":{"line":82,"column":12},"end":{"line":82,"column":20}},{"start":{"line":83,"column":12},"end":{"line":84,"column":37}}],"line":31},"1":{"loc":{"start":{"line":36,"column":14},"end":{"line":39,"column":15}},"type":"if","locations":[{"start":{"line":36,"column":14},"end":{"line":39,"column":15}},{"start":{"line":36,"column":14},"end":{"line":39,"column":15}}],"line":36},"2":{"loc":{"start":{"line":47,"column":14},"end":{"line":50,"column":15}},"type":"if","locations":[{"start":{"line":47,"column":14},"end":{"line":50,"column":15}},{"start":{"line":47,"column":14},"end":{"line":50,"column":15}}],"line":47},"3":{"loc":{"start":{"line":47,"column":20},"end":{"line":47,"column":77}},"type":"binary-expr","locations":[{"start":{"line":47,"column":20},"end":{"line":47,"column":27}},{"start":{"line":47,"column":31},"end":{"line":47,"column":38}},{"start":{"line":47,"column":42},"end":{"line":47,"column":54}},{"start":{"line":47,"column":58},"end":{"line":47,"column":68}},{"start":{"line":47,"column":72},"end":{"line":47,"column":77}}],"line":47},"4":{"loc":{"start":{"line":111,"column":10},"end":{"line":166,"column":11}},"type":"switch","locations":[{"start":{"line":112,"column":12},"end":{"line":125,"column":18}},{"start":{"line":127,"column":12},"end":{"line":131,"column":72}},{"start":{"line":133,"column":12},"end":{"line":146,"column":18}},{"start":{"line":148,"column":12},"end":{"line":153,"column":18}},{"start":{"line":155,"column":12},"end":{"line":161,"column":18}},{"start":{"line":163,"column":12},"end":{"line":163,"column":20}},{"start":{"line":164,"column":12},"end":{"line":165,"column":38}}],"line":111},"5":{"loc":{"start":{"line":117,"column":14},"end":{"line":120,"column":15}},"type":"if","locations":[{"start":{"line":117,"column":14},"end":{"line":120,"column":15}},{"start":{"line":117,"column":14},"end":{"line":120,"column":15}}],"line":117},"6":{"loc":{"start":{"line":138,"column":14},"end":{"line":141,"column":15}},"type":"if","locations":[{"start":{"line":138,"column":14},"end":{"line":141,"column":15}},{"start":{"line":138,"column":14},"end":{"line":141,"column":15}}],"line":138},"7":{"loc":{"start":{"line":192,"column":10},"end":{"line":231,"column":11}},"type":"switch","locations":[{"start":{"line":193,"column":12},"end":{"line":197,"column":63}},{"start":{"line":199,"column":12},"end":{"line":212,"column":18}},{"start":{"line":214,"column":12},"end":{"line":218,"column":18}},{"start":{"line":220,"column":12},"end":{"line":226,"column":18}},{"start":{"line":228,"column":12},"end":{"line":228,"column":20}},{"start":{"line":229,"column":12},"end":{"line":230,"column":38}}],"line":192},"8":{"loc":{"start":{"line":204,"column":14},"end":{"line":207,"column":15}},"type":"if","locations":[{"start":{"line":204,"column":14},"end":{"line":207,"column":15}},{"start":{"line":204,"column":14},"end":{"line":207,"column":15}}],"line":204}},"s":{"0":1,"1":1,"2":1,"3":1,"4":1,"5":1,"6":1,"7":1,"8":4,"9":9,"10":14,"11":4,"12":4,"13":4,"14":4,"15":4,"16":0,"17":4,"18":1,"19":1,"20":3,"21":1,"22":1,"23":1,"24":1,"25":1,"26":0,"27":0,"28":0,"29":0,"30":1,"31":1,"32":1,"33":4,"34":4,"35":1,"36":1,"37":2,"38":6,"39":8,"40":2,"41":2,"42":2,"43":2,"44":2,"45":2,"46":0,"47":2,"48":2,"49":2,"50":2,"51":2,"52":2,"53":2,"54":2,"55":0,"56":0,"57":2,"58":0,"59":0,"60":0,"61":0,"62":2,"63":2,"64":1,"65":1,"66":2,"67":6,"68":6,"69":2,"70":2,"71":2,"72":2,"73":2,"74":2,"75":2,"76":2,"77":0,"78":0,"79":2,"80":0,"81":0,"82":0,"83":0,"84":2,"85":2,"86":1,"87":1,"88":1},"f":{"0":1,"1":4,"2":9,"3":4,"4":1,"5":2,"6":6,"7":2,"8":1,"9":2,"10":6,"11":2},"b":{"0":[4,4,1,0,1,0,4],"1":[4,0],"2":[1,3],"3":[4,3,2,1,1],"4":[2,2,2,0,0,0,2],"5":[2,0],"6":[0,2],"7":[2,2,0,0,0,2],"8":[0,2]},"_coverageSchema":"43e27e138ebf9cfc5966b082cf9a028302ed4184","hash":"662fa397eaa544a443af2ad192cd6b02a1dc3b44","contentHash":"46f6ce7ee3243855fb8200d41d8623162c8981b24370127559e6c119567b0b83"},"C:\\Users\\ADETEJU\\Desktop\\code\\Andela\\WayFarer\\api\\middleware\\auth.js":{"path":"C:\\Users\\ADETEJU\\Desktop\\code\\Andela\\WayFarer\\api\\middleware\\auth.js","statementMap":{"0":{"start":{"line":3,"column":29},"end":{"line":3,"column":84}},"1":{"start":{"line":5,"column":0},"end":{"line":7,"column":3}},"2":{"start":{"line":8,"column":0},"end":{"line":8,"column":28}},"3":{"start":{"line":10,"column":19},"end":{"line":10,"column":80}},"4":{"start":{"line":12,"column":25},"end":{"line":12,"column":99}},"5":{"start":{"line":14,"column":20},"end":{"line":14,"column":67}},"6":{"start":{"line":16,"column":14},"end":{"line":16,"column":55}},"7":{"start":{"line":18,"column":0},"end":{"line":18,"column":28}},"8":{"start":{"line":20,"column":11},"end":{"line":89,"column":1}},"9":{"start":{"line":29,"column":23},"end":{"line":81,"column":7}},"10":{"start":{"line":33,"column":6},"end":{"line":80,"column":35}},"11":{"start":{"line":34,"column":8},"end":{"line":79,"column":9}},"12":{"start":{"line":35,"column":10},"end":{"line":78,"column":11}},"13":{"start":{"line":37,"column":14},"end":{"line":37,"column":40}},"14":{"start":{"line":39,"column":14},"end":{"line":42,"column":15}},"15":{"start":{"line":40,"column":16},"end":{"line":40,"column":34}},"16":{"start":{"line":41,"column":16},"end":{"line":41,"column":22}},"17":{"start":{"line":44,"column":14},"end":{"line":47,"column":18}},"18":{"start":{"line":50,"column":14},"end":{"line":50,"column":32}},"19":{"start":{"line":51,"column":14},"end":{"line":51,"column":32}},"20":{"start":{"line":52,"column":14},"end":{"line":52,"column":80}},"21":{"start":{"line":55,"column":14},"end":{"line":55,"column":37}},"22":{"start":{"line":56,"column":14},"end":{"line":62,"column":16}},"23":{"start":{"line":63,"column":14},"end":{"line":63,"column":21}},"24":{"start":{"line":64,"column":14},"end":{"line":64,"column":33}},"25":{"start":{"line":65,"column":14},"end":{"line":65,"column":20}},"26":{"start":{"line":68,"column":14},"end":{"line":68,"column":33}},"27":{"start":{"line":69,"column":14},"end":{"line":69,"column":49}},"28":{"start":{"line":70,"column":14},"end":{"line":73,"column":18}},"29":{"start":{"line":77,"column":14},"end":{"line":77,"column":37}},"30":{"start":{"line":84,"column":6},"end":{"line":84,"column":49}},"31":{"start":{"line":87,"column":4},"end":{"line":87,"column":23}},"32":{"start":{"line":90,"column":15},"end":{"line":90,"column":19}},"33":{"start":{"line":91,"column":0},"end":{"line":91,"column":30}}},"fnMap":{"0":{"name":"(anonymous_0)","decl":{"start":{"line":28,"column":15},"end":{"line":28,"column":16}},"loc":{"start":{"line":28,"column":27},"end":{"line":88,"column":3}},"line":28},"1":{"name":"_callee","decl":{"start":{"line":31,"column":42},"end":{"line":31,"column":49}},"loc":{"start":{"line":31,"column":66},"end":{"line":81,"column":5}},"line":31},"2":{"name":"_callee$","decl":{"start":{"line":33,"column":51},"end":{"line":33,"column":59}},"loc":{"start":{"line":33,"column":70},"end":{"line":80,"column":7}},"line":33},"3":{"name":"verifyToken","decl":{"start":{"line":83,"column":13},"end":{"line":83,"column":24}},"loc":{"start":{"line":83,"column":39},"end":{"line":85,"column":5}},"line":83}},"branchMap":{"0":{"loc":{"start":{"line":35,"column":10},"end":{"line":78,"column":11}},"type":"switch","locations":[{"start":{"line":36,"column":12},"end":{"line":47,"column":18}},{"start":{"line":49,"column":12},"end":{"line":52,"column":80}},{"start":{"line":54,"column":12},"end":{"line":65,"column":20}},{"start":{"line":67,"column":12},"end":{"line":73,"column":18}},{"start":{"line":75,"column":12},"end":{"line":75,"column":20}},{"start":{"line":76,"column":12},"end":{"line":77,"column":37}}],"line":35},"1":{"loc":{"start":{"line":39,"column":14},"end":{"line":42,"column":15}},"type":"if","locations":[{"start":{"line":39,"column":14},"end":{"line":42,"column":15}},{"start":{"line":39,"column":14},"end":{"line":42,"column":15}}],"line":39}},"s":{"0":1,"1":1,"2":1,"3":1,"4":1,"5":1,"6":1,"7":1,"8":1,"9":1,"10":25,"11":50,"12":92,"13":25,"14":25,"15":21,"16":21,"17":4,"18":21,"19":21,"20":21,"21":21,"22":21,"23":21,"24":21,"25":21,"26":0,"27":0,"28":0,"29":25,"30":25,"31":1,"32":1,"33":1},"f":{"0":1,"1":25,"2":50,"3":25},"b":{"0":[25,21,21,0,21,25],"1":[21,4]},"_coverageSchema":"43e27e138ebf9cfc5966b082cf9a028302ed4184","hash":"200f6d7e5caea16d0125f429d9aceed5e9717040","contentHash":"ecb8999c81eb30e85f04c3c136bdefdae7568bc18a90b8cbcecdb3ca25ac8429"},"C:\\Users\\ADETEJU\\Desktop\\code\\Andela\\WayFarer\\api\\routes\\busRoutes.js":{"path":"C:\\Users\\ADETEJU\\Desktop\\code\\Andela\\WayFarer\\api\\routes\\busRoutes.js","statementMap":{"0":{"start":{"line":3,"column":29},"end":{"line":3,"column":84}},"1":{"start":{"line":5,"column":0},"end":{"line":7,"column":3}},"2":{"start":{"line":8,"column":0},"end":{"line":8,"column":28}},"3":{"start":{"line":10,"column":15},"end":{"line":10,"column":57}},"4":{"start":{"line":12,"column":21},"end":{"line":12,"column":84}},"5":{"start":{"line":14,"column":12},"end":{"line":14,"column":65}},"6":{"start":{"line":16,"column":13},"end":{"line":16,"column":41}},"7":{"start":{"line":19,"column":0},"end":{"line":19,"column":93}},"8":{"start":{"line":20,"column":0},"end":{"line":20,"column":90}},"9":{"start":{"line":21,"column":15},"end":{"line":21,"column":21}},"10":{"start":{"line":22,"column":0},"end":{"line":22,"column":30}}},"fnMap":{},"branchMap":{},"s":{"0":1,"1":1,"2":1,"3":1,"4":1,"5":1,"6":1,"7":1,"8":1,"9":1,"10":1},"f":{},"b":{},"_coverageSchema":"43e27e138ebf9cfc5966b082cf9a028302ed4184","hash":"44f543fe460fd6226f183688f1314480600374c3","contentHash":"25432484a7574b8a4b07421054c28d326aaea70c7dfa79f8cc3b47517a7a7df6"},"C:\\Users\\ADETEJU\\Desktop\\code\\Andela\\WayFarer\\api\\controllers\\busController.js":{"path":"C:\\Users\\ADETEJU\\Desktop\\code\\Andela\\WayFarer\\api\\controllers\\busController.js","statementMap":{"0":{"start":{"line":3,"column":29},"end":{"line":3,"column":84}},"1":{"start":{"line":5,"column":0},"end":{"line":7,"column":3}},"2":{"start":{"line":8,"column":0},"end":{"line":8,"column":28}},"3":{"start":{"line":10,"column":19},"end":{"line":10,"column":80}},"4":{"start":{"line":12,"column":25},"end":{"line":12,"column":99}},"5":{"start":{"line":14,"column":13},"end":{"line":14,"column":63}},"6":{"start":{"line":16,"column":12},"end":{"line":174,"column":1}},"7":{"start":{"line":24,"column":25},"end":{"line":88,"column":7}},"8":{"start":{"line":29,"column":6},"end":{"line":87,"column":35}},"9":{"start":{"line":30,"column":8},"end":{"line":86,"column":9}},"10":{"start":{"line":31,"column":10},"end":{"line":85,"column":11}},"11":{"start":{"line":33,"column":14},"end":{"line":33,"column":192}},"12":{"start":{"line":34,"column":14},"end":{"line":34,"column":43}},"13":{"start":{"line":36,"column":14},"end":{"line":39,"column":15}},"14":{"start":{"line":37,"column":16},"end":{"line":37,"column":34}},"15":{"start":{"line":38,"column":16},"end":{"line":38,"column":22}},"16":{"start":{"line":41,"column":14},"end":{"line":44,"column":18}},"17":{"start":{"line":47,"column":14},"end":{"line":50,"column":15}},"18":{"start":{"line":48,"column":16},"end":{"line":48,"column":34}},"19":{"start":{"line":49,"column":16},"end":{"line":49,"column":22}},"20":{"start":{"line":52,"column":14},"end":{"line":55,"column":18}},"21":{"start":{"line":58,"column":14},"end":{"line":58,"column":168}},"22":{"start":{"line":59,"column":14},"end":{"line":59,"column":75}},"23":{"start":{"line":60,"column":14},"end":{"line":60,"column":32}},"24":{"start":{"line":61,"column":14},"end":{"line":61,"column":33}},"25":{"start":{"line":62,"column":14},"end":{"line":62,"column":69}},"26":{"start":{"line":65,"column":14},"end":{"line":65,"column":35}},"27":{"start":{"line":66,"column":14},"end":{"line":66,"column":31}},"28":{"start":{"line":67,"column":14},"end":{"line":67,"column":29}},"29":{"start":{"line":68,"column":14},"end":{"line":72,"column":18}},"30":{"start":{"line":75,"column":14},"end":{"line":75,"column":33}},"31":{"start":{"line":76,"column":14},"end":{"line":76,"column":49}},"32":{"start":{"line":77,"column":14},"end":{"line":80,"column":18}},"33":{"start":{"line":84,"column":14},"end":{"line":84,"column":37}},"34":{"start":{"line":91,"column":6},"end":{"line":91,"column":51}},"35":{"start":{"line":94,"column":4},"end":{"line":94,"column":25}},"36":{"start":{"line":104,"column":23},"end":{"line":166,"column":7}},"37":{"start":{"line":109,"column":6},"end":{"line":165,"column":36}},"38":{"start":{"line":110,"column":8},"end":{"line":164,"column":9}},"39":{"start":{"line":111,"column":10},"end":{"line":163,"column":11}},"40":{"start":{"line":113,"column":14},"end":{"line":113,"column":43}},"41":{"start":{"line":115,"column":14},"end":{"line":118,"column":15}},"42":{"start":{"line":116,"column":16},"end":{"line":116,"column":35}},"43":{"start":{"line":117,"column":16},"end":{"line":117,"column":22}},"44":{"start":{"line":120,"column":14},"end":{"line":123,"column":18}},"45":{"start":{"line":126,"column":14},"end":{"line":126,"column":73}},"46":{"start":{"line":127,"column":14},"end":{"line":127,"column":33}},"47":{"start":{"line":128,"column":14},"end":{"line":128,"column":33}},"48":{"start":{"line":129,"column":14},"end":{"line":129,"column":61}},"49":{"start":{"line":132,"column":14},"end":{"line":132,"column":37}},"50":{"start":{"line":133,"column":14},"end":{"line":133,"column":32}},"51":{"start":{"line":134,"column":14},"end":{"line":134,"column":26}},"52":{"start":{"line":136,"column":14},"end":{"line":139,"column":15}},"53":{"start":{"line":137,"column":16},"end":{"line":137,"column":36}},"54":{"start":{"line":138,"column":16},"end":{"line":138,"column":22}},"55":{"start":{"line":141,"column":14},"end":{"line":144,"column":18}},"56":{"start":{"line":147,"column":14},"end":{"line":150,"column":18}},"57":{"start":{"line":153,"column":14},"end":{"line":153,"column":34}},"58":{"start":{"line":154,"column":14},"end":{"line":154,"column":51}},"59":{"start":{"line":155,"column":14},"end":{"line":158,"column":18}},"60":{"start":{"line":162,"column":14},"end":{"line":162,"column":38}},"61":{"start":{"line":169,"column":6},"end":{"line":169,"column":49}},"62":{"start":{"line":172,"column":4},"end":{"line":172,"column":23}},"63":{"start":{"line":175,"column":15},"end":{"line":175,"column":20}},"64":{"start":{"line":176,"column":0},"end":{"line":176,"column":30}}},"fnMap":{"0":{"name":"(anonymous_0)","decl":{"start":{"line":23,"column":17},"end":{"line":23,"column":18}},"loc":{"start":{"line":23,"column":29},"end":{"line":95,"column":3}},"line":23},"1":{"name":"_callee","decl":{"start":{"line":26,"column":42},"end":{"line":26,"column":49}},"loc":{"start":{"line":26,"column":60},"end":{"line":88,"column":5}},"line":26},"2":{"name":"_callee$","decl":{"start":{"line":29,"column":51},"end":{"line":29,"column":59}},"loc":{"start":{"line":29,"column":70},"end":{"line":87,"column":7}},"line":29},"3":{"name":"addBusDetails","decl":{"start":{"line":90,"column":13},"end":{"line":90,"column":26}},"loc":{"start":{"line":90,"column":36},"end":{"line":92,"column":5}},"line":90},"4":{"name":"(anonymous_4)","decl":{"start":{"line":103,"column":15},"end":{"line":103,"column":16}},"loc":{"start":{"line":103,"column":27},"end":{"line":173,"column":3}},"line":103},"5":{"name":"_callee2","decl":{"start":{"line":106,"column":42},"end":{"line":106,"column":50}},"loc":{"start":{"line":106,"column":61},"end":{"line":166,"column":5}},"line":106},"6":{"name":"_callee2$","decl":{"start":{"line":109,"column":51},"end":{"line":109,"column":60}},"loc":{"start":{"line":109,"column":72},"end":{"line":165,"column":7}},"line":109},"7":{"name":"getAllBuses","decl":{"start":{"line":168,"column":13},"end":{"line":168,"column":24}},"loc":{"start":{"line":168,"column":35},"end":{"line":170,"column":5}},"line":168}},"branchMap":{"0":{"loc":{"start":{"line":31,"column":10},"end":{"line":85,"column":11}},"type":"switch","locations":[{"start":{"line":32,"column":12},"end":{"line":44,"column":18}},{"start":{"line":46,"column":12},"end":{"line":55,"column":18}},{"start":{"line":57,"column":12},"end":{"line":62,"column":69}},{"start":{"line":64,"column":12},"end":{"line":72,"column":18}},{"start":{"line":74,"column":12},"end":{"line":80,"column":18}},{"start":{"line":82,"column":12},"end":{"line":82,"column":20}},{"start":{"line":83,"column":12},"end":{"line":84,"column":37}}],"line":31},"1":{"loc":{"start":{"line":36,"column":14},"end":{"line":39,"column":15}},"type":"if","locations":[{"start":{"line":36,"column":14},"end":{"line":39,"column":15}},{"start":{"line":36,"column":14},"end":{"line":39,"column":15}}],"line":36},"2":{"loc":{"start":{"line":47,"column":14},"end":{"line":50,"column":15}},"type":"if","locations":[{"start":{"line":47,"column":14},"end":{"line":50,"column":15}},{"start":{"line":47,"column":14},"end":{"line":50,"column":15}}],"line":47},"3":{"loc":{"start":{"line":47,"column":20},"end":{"line":47,"column":82}},"type":"binary-expr","locations":[{"start":{"line":47,"column":20},"end":{"line":47,"column":33}},{"start":{"line":47,"column":37},"end":{"line":47,"column":50}},{"start":{"line":47,"column":54},"end":{"line":47,"column":60}},{"start":{"line":47,"column":64},"end":{"line":47,"column":69}},{"start":{"line":47,"column":73},"end":{"line":47,"column":82}}],"line":47},"4":{"loc":{"start":{"line":111,"column":10},"end":{"line":163,"column":11}},"type":"switch","locations":[{"start":{"line":112,"column":12},"end":{"line":123,"column":18}},{"start":{"line":125,"column":12},"end":{"line":129,"column":61}},{"start":{"line":131,"column":12},"end":{"line":144,"column":18}},{"start":{"line":146,"column":12},"end":{"line":150,"column":18}},{"start":{"line":152,"column":12},"end":{"line":158,"column":18}},{"start":{"line":160,"column":12},"end":{"line":160,"column":20}},{"start":{"line":161,"column":12},"end":{"line":162,"column":38}}],"line":111},"5":{"loc":{"start":{"line":115,"column":14},"end":{"line":118,"column":15}},"type":"if","locations":[{"start":{"line":115,"column":14},"end":{"line":118,"column":15}},{"start":{"line":115,"column":14},"end":{"line":118,"column":15}}],"line":115},"6":{"loc":{"start":{"line":136,"column":14},"end":{"line":139,"column":15}},"type":"if","locations":[{"start":{"line":136,"column":14},"end":{"line":139,"column":15}},{"start":{"line":136,"column":14},"end":{"line":139,"column":15}}],"line":136}},"s":{"0":1,"1":1,"2":1,"3":1,"4":1,"5":1,"6":1,"7":1,"8":4,"9":9,"10":14,"11":4,"12":4,"13":4,"14":4,"15":4,"16":0,"17":4,"18":1,"19":1,"20":3,"21":1,"22":1,"23":1,"24":1,"25":1,"26":1,"27":1,"28":1,"29":1,"30":0,"31":0,"32":0,"33":4,"34":4,"35":1,"36":1,"37":2,"38":6,"39":10,"40":2,"41":2,"42":2,"43":2,"44":0,"45":2,"46":2,"47":2,"48":2,"49":2,"50":2,"51":2,"52":2,"53":2,"54":2,"55":0,"56":2,"57":0,"58":0,"59":0,"60":2,"61":2,"62":1,"63":1,"64":1},"f":{"0":1,"1":4,"2":9,"3":4,"4":1,"5":2,"6":6,"7":2},"b":{"0":[4,4,1,1,0,0,4],"1":[4,0],"2":[1,3],"3":[4,2,1,1,1],"4":[2,2,2,2,0,0,2],"5":[2,0],"6":[2,0]},"_coverageSchema":"43e27e138ebf9cfc5966b082cf9a028302ed4184","hash":"1f9bf75f1e38bf1738d740f602512a1fac74714e","contentHash":"26d1f82fa5af76fd14d147e968a797c9b3df1f6710004b5f436412d513133d72"},"C:\\Users\\ADETEJU\\Desktop\\code\\Andela\\WayFarer\\api\\routes\\bookingRoutes.js":{"path":"C:\\Users\\ADETEJU\\Desktop\\code\\Andela\\WayFarer\\api\\routes\\bookingRoutes.js","statementMap":{"0":{"start":{"line":3,"column":29},"end":{"line":3,"column":84}},"1":{"start":{"line":5,"column":0},"end":{"line":7,"column":3}},"2":{"start":{"line":8,"column":0},"end":{"line":8,"column":28}},"3":{"start":{"line":10,"column":15},"end":{"line":10,"column":57}},"4":{"start":{"line":12,"column":25},"end":{"line":12,"column":92}},"5":{"start":{"line":14,"column":12},"end":{"line":14,"column":65}},"6":{"start":{"line":16,"column":13},"end":{"line":16,"column":41}},"7":{"start":{"line":19,"column":0},"end":{"line":19,"column":100}},"8":{"start":{"line":20,"column":0},"end":{"line":20,"column":100}},"9":{"start":{"line":21,"column":0},"end":{"line":21,"column":116}},"10":{"start":{"line":22,"column":0},"end":{"line":22,"column":107}},"11":{"start":{"line":23,"column":15},"end":{"line":23,"column":21}},"12":{"start":{"line":24,"column":0},"end":{"line":24,"column":30}}},"fnMap":{},"branchMap":{},"s":{"0":1,"1":1,"2":1,"3":1,"4":1,"5":1,"6":1,"7":1,"8":1,"9":1,"10":1,"11":1,"12":1},"f":{},"b":{},"_coverageSchema":"43e27e138ebf9cfc5966b082cf9a028302ed4184","hash":"79467131edf62aae5827125064d7cb463d3dc28a","contentHash":"2960b1dcbb5dbf070b76db3af93521993aefb3a55859af11dae2580c86d197b7"},"C:\\Users\\ADETEJU\\Desktop\\code\\Andela\\WayFarer\\api\\controllers\\bookingController.js":{"path":"C:\\Users\\ADETEJU\\Desktop\\code\\Andela\\WayFarer\\api\\controllers\\bookingController.js","statementMap":{"0":{"start":{"line":3,"column":29},"end":{"line":3,"column":84}},"1":{"start":{"line":5,"column":0},"end":{"line":7,"column":3}},"2":{"start":{"line":8,"column":0},"end":{"line":8,"column":28}},"3":{"start":{"line":10,"column":19},"end":{"line":10,"column":80}},"4":{"start":{"line":12,"column":25},"end":{"line":12,"column":99}},"5":{"start":{"line":14,"column":13},"end":{"line":14,"column":63}},"6":{"start":{"line":16,"column":15},"end":{"line":374,"column":1}},"7":{"start":{"line":24,"column":25},"end":{"line":89,"column":7}},"8":{"start":{"line":29,"column":6},"end":{"line":88,"column":35}},"9":{"start":{"line":30,"column":8},"end":{"line":87,"column":9}},"10":{"start":{"line":31,"column":10},"end":{"line":86,"column":11}},"11":{"start":{"line":33,"column":14},"end":{"line":33,"column":161}},"12":{"start":{"line":34,"column":14},"end":{"line":34,"column":157}},"13":{"start":{"line":36,"column":14},"end":{"line":39,"column":15}},"14":{"start":{"line":37,"column":16},"end":{"line":37,"column":34}},"15":{"start":{"line":38,"column":16},"end":{"line":38,"column":22}},"16":{"start":{"line":41,"column":14},"end":{"line":44,"column":18}},"17":{"start":{"line":47,"column":14},"end":{"line":47,"column":216}},"18":{"start":{"line":48,"column":14},"end":{"line":48,"column":104}},"19":{"start":{"line":49,"column":14},"end":{"line":49,"column":32}},"20":{"start":{"line":50,"column":14},"end":{"line":50,"column":32}},"21":{"start":{"line":51,"column":14},"end":{"line":51,"column":73}},"22":{"start":{"line":54,"column":14},"end":{"line":54,"column":35}},"23":{"start":{"line":55,"column":14},"end":{"line":55,"column":31}},"24":{"start":{"line":56,"column":14},"end":{"line":56,"column":29}},"25":{"start":{"line":57,"column":14},"end":{"line":61,"column":18}},"26":{"start":{"line":64,"column":14},"end":{"line":64,"column":33}},"27":{"start":{"line":65,"column":14},"end":{"line":65,"column":49}},"28":{"start":{"line":67,"column":14},"end":{"line":70,"column":15}},"29":{"start":{"line":68,"column":16},"end":{"line":68,"column":35}},"30":{"start":{"line":69,"column":16},"end":{"line":69,"column":22}},"31":{"start":{"line":72,"column":14},"end":{"line":75,"column":18}},"32":{"start":{"line":78,"column":14},"end":{"line":81,"column":18}},"33":{"start":{"line":85,"column":14},"end":{"line":85,"column":37}},"34":{"start":{"line":92,"column":6},"end":{"line":92,"column":51}},"35":{"start":{"line":95,"column":4},"end":{"line":95,"column":25}},"36":{"start":{"line":105,"column":26},"end":{"line":197,"column":7}},"37":{"start":{"line":110,"column":6},"end":{"line":196,"column":46}},"38":{"start":{"line":111,"column":8},"end":{"line":195,"column":9}},"39":{"start":{"line":112,"column":10},"end":{"line":194,"column":11}},"40":{"start":{"line":114,"column":14},"end":{"line":114,"column":98}},"41":{"start":{"line":116,"column":14},"end":{"line":119,"column":15}},"42":{"start":{"line":117,"column":16},"end":{"line":117,"column":36}},"43":{"start":{"line":118,"column":16},"end":{"line":118,"column":22}},"44":{"start":{"line":121,"column":14},"end":{"line":121,"column":81}},"45":{"start":{"line":122,"column":14},"end":{"line":122,"column":33}},"46":{"start":{"line":123,"column":14},"end":{"line":123,"column":33}},"47":{"start":{"line":124,"column":14},"end":{"line":124,"column":78}},"48":{"start":{"line":127,"column":14},"end":{"line":127,"column":37}},"49":{"start":{"line":128,"column":14},"end":{"line":128,"column":32}},"50":{"start":{"line":130,"column":14},"end":{"line":133,"column":15}},"51":{"start":{"line":131,"column":16},"end":{"line":131,"column":36}},"52":{"start":{"line":132,"column":16},"end":{"line":132,"column":22}},"53":{"start":{"line":135,"column":14},"end":{"line":138,"column":18}},"54":{"start":{"line":141,"column":14},"end":{"line":141,"column":26}},"55":{"start":{"line":142,"column":14},"end":{"line":145,"column":18}},"56":{"start":{"line":148,"column":14},"end":{"line":148,"column":34}},"57":{"start":{"line":149,"column":14},"end":{"line":149,"column":51}},"58":{"start":{"line":150,"column":14},"end":{"line":153,"column":18}},"59":{"start":{"line":157,"column":14},"end":{"line":157,"column":85}},"60":{"start":{"line":158,"column":14},"end":{"line":158,"column":34}},"61":{"start":{"line":159,"column":14},"end":{"line":159,"column":34}},"62":{"start":{"line":160,"column":14},"end":{"line":160,"column":66}},"63":{"start":{"line":163,"column":14},"end":{"line":163,"column":37}},"64":{"start":{"line":164,"column":14},"end":{"line":164,"column":33}},"65":{"start":{"line":166,"column":14},"end":{"line":169,"column":15}},"66":{"start":{"line":167,"column":16},"end":{"line":167,"column":36}},"67":{"start":{"line":168,"column":16},"end":{"line":168,"column":22}},"68":{"start":{"line":171,"column":14},"end":{"line":174,"column":18}},"69":{"start":{"line":177,"column":14},"end":{"line":177,"column":28}},"70":{"start":{"line":178,"column":14},"end":{"line":181,"column":18}},"71":{"start":{"line":184,"column":14},"end":{"line":184,"column":34}},"72":{"start":{"line":185,"column":14}
[...]
":{"start":{"line":175,"column":4},"end":{"line":189,"column":7}},"91":{"start":{"line":176,"column":17},"end":{"line":180,"column":7}},"92":{"start":{"line":182,"column":6},"end":{"line":188,"column":9}},"93":{"start":{"line":183,"column":8},"end":{"line":183,"column":36}},"94":{"start":{"line":184,"column":8},"end":{"line":184,"column":39}},"95":{"start":{"line":185,"column":8},"end":{"line":185,"column":61}},"96":{"start":{"line":186,"column":8},"end":{"line":186,"column":88}},"97":{"start":{"line":187,"column":8},"end":{"line":187,"column":18}},"98":{"start":{"line":190,"column":4},"end":{"line":205,"column":7}},"99":{"start":{"line":191,"column":17},"end":{"line":196,"column":7}},"100":{"start":{"line":198,"column":6},"end":{"line":204,"column":9}},"101":{"start":{"line":199,"column":8},"end":{"line":199,"column":36}},"102":{"start":{"line":200,"column":8},"end":{"line":200,"column":39}},"103":{"start":{"line":201,"column":8},"end":{"line":201,"column":61}},"104":{"start":{"line":202,"column":8},"end":{"line":202,"column":88}},"105":{"start":{"line":203,"column":8},"end":{"line":203,"column":18}},"106":{"start":{"line":206,"column":4},"end":{"line":221,"column":7}},"107":{"start":{"line":207,"column":17},"end":{"line":212,"column":7}},"108":{"start":{"line":214,"column":6},"end":{"line":220,"column":9}},"109":{"start":{"line":215,"column":8},"end":{"line":215,"column":36}},"110":{"start":{"line":216,"column":8},"end":{"line":216,"column":39}},"111":{"start":{"line":217,"column":8},"end":{"line":217,"column":61}},"112":{"start":{"line":218,"column":8},"end":{"line":218,"column":88}},"113":{"start":{"line":219,"column":8},"end":{"line":219,"column":18}},"114":{"start":{"line":222,"column":4},"end":{"line":237,"column":7}},"115":{"start":{"line":223,"column":17},"end":{"line":228,"column":7}},"116":{"start":{"line":230,"column":6},"end":{"line":236,"column":9}},"117":{"start":{"line":231,"column":8},"end":{"line":231,"column":36}},"118":{"start":{"line":232,"column":8},"end":{"line":232,"column":39}},"119":{"start":{"line":233,"column":8},"end":{"line":233,"column":61}},"120":{"start":{"line":234,"column":8},"end":{"line":234,"column":88}},"121":{"start":{"line":235,"column":8},"end":{"line":235,"column":18}},"122":{"start":{"line":238,"column":4},"end":{"line":255,"column":7}},"123":{"start":{"line":239,"column":17},"end":{"line":244,"column":7}},"124":{"start":{"line":246,"column":6},"end":{"line":254,"column":9}},"125":{"start":{"line":247,"column":8},"end":{"line":253,"column":11}},"126":{"start":{"line":248,"column":10},"end":{"line":248,"column":38}},"127":{"start":{"line":249,"column":10},"end":{"line":249,"column":41}},"128":{"start":{"line":250,"column":10},"end":{"line":250,"column":63}},"129":{"start":{"line":251,"column":10},"end":{"line":251,"column":91}},"130":{"start":{"line":252,"column":10},"end":{"line":252,"column":20}},"131":{"start":{"line":256,"column":4},"end":{"line":271,"column":7}},"132":{"start":{"line":257,"column":17},"end":{"line":262,"column":7}},"133":{"start":{"line":264,"column":6},"end":{"line":270,"column":9}},"134":{"start":{"line":265,"column":8},"end":{"line":265,"column":36}},"135":{"start":{"line":266,"column":8},"end":{"line":266,"column":39}},"136":{"start":{"line":267,"column":8},"end":{"line":267,"column":61}},"137":{"start":{"line":268,"column":8},"end":{"line":268,"column":89}},"138":{"start":{"line":269,"column":8},"end":{"line":269,"column":18}},"139":{"start":{"line":272,"column":4},"end":{"line":287,"column":7}},"140":{"start":{"line":273,"column":17},"end":{"line":278,"column":7}},"141":{"start":{"line":280,"column":6},"end":{"line":286,"column":9}},"142":{"start":{"line":281,"column":8},"end":{"line":281,"column":36}},"143":{"start":{"line":282,"column":8},"end":{"line":282,"column":39}},"144":{"start":{"line":283,"column":8},"end":{"line":283,"column":61}},"145":{"start":{"line":284,"column":8},"end":{"line":284,"column":119}},"146":{"start":{"line":285,"column":8},"end":{"line":285,"column":18}},"147":{"start":{"line":288,"column":4},"end":{"line":304,"column":7}},"148":{"start":{"line":289,"column":17},"end":{"line":294,"column":7}},"149":{"start":{"line":296,"column":6},"end":{"line":303,"column":9}},"150":{"start":{"line":297,"column":8},"end":{"line":297,"column":36}},"151":{"start":{"line":298,"column":8},"end":{"line":298,"column":39}},"152":{"start":{"line":299,"column":8},"end":{"line":299,"column":63}},"153":{"start":{"line":300,"column":8},"end":{"line":300,"column":46}},"154":{"start":{"line":301,"column":8},"end":{"line":301,"column":52}},"155":{"start":{"line":302,"column":8},"end":{"line":302,"column":18}},"156":{"start":{"line":307,"column":2},"end":{"line":392,"column":5}},"157":{"start":{"line":308,"column":4},"end":{"line":320,"column":7}},"158":{"start":{"line":309,"column":17},"end":{"line":311,"column":7}},"159":{"start":{"line":313,"column":6},"end":{"line":319,"column":9}},"160":{"start":{"line":314,"column":8},"end":{"line":314,"column":36}},"161":{"start":{"line":315,"column":8},"end":{"line":315,"column":39}},"162":{"start":{"line":316,"column":8},"end":{"line":316,"column":61}},"163":{"start":{"line":317,"column":8},"end":{"line":317,"column":91}},"164":{"start":{"line":318,"column":8},"end":{"line":318,"column":18}},"165":{"start":{"line":321,"column":4},"end":{"line":333,"column":7}},"166":{"start":{"line":322,"column":17},"end":{"line":324,"column":7}},"167":{"start":{"line":326,"column":6},"end":{"line":332,"column":9}},"168":{"start":{"line":327,"column":8},"end":{"line":327,"column":36}},"169":{"start":{"line":328,"column":8},"end":{"line":328,"column":39}},"170":{"start":{"line":329,"column":8},"end":{"line":329,"column":61}},"171":{"start":{"line":330,"column":8},"end":{"line":330,"column":91}},"172":{"start":{"line":331,"column":8},"end":{"line":331,"column":18}},"173":{"start":{"line":334,"column":4},"end":{"line":347,"column":7}},"174":{"start":{"line":335,"column":17},"end":{"line":338,"column":7}},"175":{"start":{"line":340,"column":6},"end":{"line":346,"column":9}},"176":{"start":{"line":341,"column":8},"end":{"line":341,"column":36}},"177":{"start":{"line":342,"column":8},"end":{"line":342,"column":39}},"178":{"start":{"line":343,"column":8},"end":{"line":343,"column":61}},"179":{"start":{"line":344,"column":8},"end":{"line":344,"column":91}},"180":{"start":{"line":345,"column":8},"end":{"line":345,"column":18}},"181":{"start":{"line":348,"column":4},"end":{"line":361,"column":7}},"182":{"start":{"line":349,"column":17},"end":{"line":352,"column":7}},"183":{"start":{"line":354,"column":6},"end":{"line":360,"column":9}},"184":{"start":{"line":355,"column":8},"end":{"line":355,"column":36}},"185":{"start":{"line":356,"column":8},"end":{"line":356,"column":39}},"186":{"start":{"line":357,"column":8},"end":{"line":357,"column":61}},"187":{"start":{"line":358,"column":8},"end":{"line":358,"column":89}},"188":{"start":{"line":359,"column":8},"end":{"line":359,"column":18}},"189":{"start":{"line":362,"column":4},"end":{"line":375,"column":7}},"190":{"start":{"line":363,"column":17},"end":{"line":366,"column":7}},"191":{"start":{"line":368,"column":6},"end":{"line":374,"column":9}},"192":{"start":{"line":369,"column":8},"end":{"line":369,"column":36}},"193":{"start":{"line":370,"column":8},"end":{"line":370,"column":39}},"194":{"start":{"line":371,"column":8},"end":{"line":371,"column":61}},"195":{"start":{"line":372,"column":8},"end":{"line":372,"column":102}},"196":{"start":{"line":373,"column":8},"end":{"line":373,"column":18}},"197":{"start":{"line":376,"column":4},"end":{"line":391,"column":7}},"198":{"start":{"line":377,"column":17},"end":{"line":380,"column":7}},"199":{"start":{"line":382,"column":6},"end":{"line":388,"column":9}},"200":{"start":{"line":383,"column":8},"end":{"line":383,"column":36}},"201":{"start":{"line":384,"column":8},"end":{"line":384,"column":39}},"202":{"start":{"line":385,"column":8},"end":{"line":385,"column":61}},"203":{"start":{"line":386,"column":8},"end":{"line":386,"column":102}},"204":{"start":{"line":387,"column":8},"end":{"line":387,"column":18}},"205":{"start":{"line":390,"column":6},"end":{"line":390,"column":22}}},"fnMap":{"0":{"name":"(anonymous_0)","decl":{"start":{"line":25,"column":11},"end":{"line":25,"column":12}},"loc":{"start":{"line":25,"column":23},"end":{"line":29,"column":1}},"line":25},"1":{"name":"(anonymous_1)","decl":{"start":{"line":26,"column":59},"end":{"line":26,"column":60}},"loc":{"start":{"line":26,"column":74},"end":{"line":28,"column":3}},"line":26},"2":{"name":"(anonymous_2)","decl":{"start":{"line":31,"column":34},"end":{"line":31,"column":35}},"loc":{"start":{"line":31,"column":46},"end":{"line":393,"column":1}},"line":31},"3":{"name":"(anonymous_3)","decl":{"start":{"line":32,"column":56},"end":{"line":32,"column":57}},"loc":{"start":{"line":32,"column":72},"end":{"line":40,"column":3}},"line":32},"4":{"name":"(anonymous_4)","decl":{"start":{"line":33,"column":113},"end":{"line":33,"column":114}},"loc":{"start":{"line":33,"column":133},"end":{"line":39,"column":5}},"line":33},"5":{"name":"(anonymous_5)","decl":{"start":{"line":41,"column":52},"end":{"line":41,"column":53}},"loc":{"start":{"line":41,"column":68},"end":{"line":56,"column":3}},"line":41},"6":{"name":"(anonymous_6)","decl":{"start":{"line":49,"column":125},"end":{"line":49,"column":126}},"loc":{"start":{"line":49,"column":145},"end":{"line":55,"column":5}},"line":49},"7":{"name":"(anonymous_7)","decl":{"start":{"line":57,"column":55},"end":{"line":57,"column":56}},"loc":{"start":{"line":57,"column":71},"end":{"line":72,"column":3}},"line":57},"8":{"name":"(anonymous_8)","decl":{"start":{"line":65,"column":125},"end":{"line":65,"column":126}},"loc":{"start":{"line":65,"column":145},"end":{"line":71,"column":5}},"line":65},"9":{"name":"(anonymous_9)","decl":{"start":{"line":73,"column":57},"end":{"line":73,"column":58}},"loc":{"start":{"line":73,"column":73},"end":{"line":89,"column":3}},"line":73},"10":{"name":"(anonymous_10)","decl":{"start":{"line":82,"column":125},"end":{"line":82,"column":126}},"loc":{"start":{"line":82,"column":145},"end":{"line":88,"column":5}},"line":82},"11":{"name":"(anonymous_11)","decl":{"start":{"line":90,"column":57},"end":{"line":90,"column":58}},"loc":{"start":{"line":90,"column":73},"end":{"line":106,"column":3}},"line":90},"12":{"name":"(anonymous_12)","decl":{"start":{"line":99,"column":125},"end":{"line":99,"column":126}},"loc":{"start":{"line":99,"column":145},"end":{"line":105,"column":5}},"line":99},"13":{"name":"(anonymous_13)","decl":{"start":{"line":107,"column":94},"end":{"line":107,"column":95}},"loc":{"start":{"line":107,"column":110},"end":{"line":123,"column":3}},"line":107},"14":{"name":"(anonymous_14)","decl":{"start":{"line":116,"column":125},"end":{"line":116,"column":126}},"loc":{"start":{"line":116,"column":145},"end":{"line":122,"column":5}},"line":116},"15":{"name":"(anonymous_15)","decl":{"start":{"line":124,"column":58},"end":{"line":124,"column":59}},"loc":{"start":{"line":124,"column":74},"end":{"line":140,"column":3}},"line":124},"16":{"name":"(anonymous_16)","decl":{"start":{"line":133,"column":125},"end":{"line":133,"column":126}},"loc":{"start":{"line":133,"column":145},"end":{"line":139,"column":5}},"line":133},"17":{"name":"(anonymous_17)","decl":{"start":{"line":141,"column":58},"end":{"line":141,"column":59}},"loc":{"start":{"line":141,"column":74},"end":{"line":157,"column":3}},"line":141},"18":{"name":"(anonymous_18)","decl":{"start":{"line":150,"column":125},"end":{"line":150,"column":126}},"loc":{"start":{"line":150,"column":145},"end":{"line":156,"column":5}},"line":150},"19":{"name":"(anonymous_19)","decl":{"start":{"line":159,"column":35},"end":{"line":159,"column":36}},"loc":{"start":{"line":159,"column":47},"end":{"line":305,"column":3}},"line":159},"20":{"name":"(anonymous_20)","decl":{"start":{"line":160,"column":53},"end":{"line":160,"column":54}},"loc":{"start":{"line":160,"column":69},"end":{"line":174,"column":5}},"line":160},"21":{"name":"(anonymous_21)","decl":{"start":{"line":167,"column":125},"end":{"line":167,"column":126}},"loc":{"start":{"line":167,"column":145},"end":{"line":173,"column":7}},"line":167},"22":{"name":"(anonymous_22)","decl":{"start":{"line":175,"column":55},"end":{"line":175,"column":56}},"loc":{"start":{"line":175,"column":71},"end":{"line":189,"column":5}},"line":175},"23":{"name":"(anonymous_23)","decl":{"start":{"line":182,"column":125},"end":{"line":182,"column":126}},"loc":{"start":{"line":182,"column":145},"end":{"line":188,"column":7}},"line":182},"24":{"name":"(anonymous_24)","decl":{"start":{"line":190,"column":57},"end":{"line":190,"column":58}},"loc":{"start":{"line":190,"column":73},"end":{"line":205,"column":5}},"line":190},"25":{"name":"(anonymous_25)","decl":{"start":{"line":198,"column":125},"end":{"line":198,"column":126}},"loc":{"start":{"line":198,"column":145},"end":{"line":204,"column":7}},"line":198},"26":{"name":"(anonymous_26)","decl":{"start":{"line":206,"column":56},"end":{"line":206,"column":57}},"loc":{"start":{"line":206,"column":72},"end":{"line":221,"column":5}},"line":206},"27":{"name":"(anonymous_27)","decl":{"start":{"line":214,"column":125},"end":{"line":214,"column":126}},"loc":{"start":{"line":214,"column":145},"end":{"line":220,"column":7}},"line":214},"28":{"name":"(anonymous_28)","decl":{"start":{"line":222,"column":93},"end":{"line":222,"column":94}},"loc":{"start":{"line":222,"column":109},"end":{"line":237,"column":5}},"line":222},"29":{"name":"(anonymous_29)","decl":{"start":{"line":230,"column":125},"end":{"line":230,"column":126}},"loc":{"start":{"line":230,"column":145},"end":{"line":236,"column":7}},"line":230},"30":{"name":"(anonymous_30)","decl":{"start":{"line":238,"column":60},"end":{"line":238,"column":61}},"loc":{"start":{"line":238,"column":76},"end":{"line":255,"column":5}},"line":238},"31":{"name":"(anonymous_31)","decl":{"start":{"line":246,"column":157},"end":{"line":246,"column":158}},"loc":{"start":{"line":246,"column":169},"end":{"line":254,"column":7}},"line":246},"32":{"name":"(anonymous_32)","decl":{"start":{"line":247,"column":127},"end":{"line":247,"column":128}},"loc":{"start":{"line":247,"column":147},"end":{"line":253,"column":9}},"line":247},"33":{"name":"(anonymous_33)","decl":{"start":{"line":256,"column":59},"end":{"line":256,"column":60}},"loc":{"start":{"line":256,"column":75},"end":{"line":271,"column":5}},"line":256},"34":{"name":"(anonymous_34)","decl":{"start":{"line":264,"column":125},"end":{"line":264,"column":126}},"loc":{"start":{"line":264,"column":145},"end":{"line":270,"column":7}},"line":264},"35":{"name":"(anonymous_35)","decl":{"start":{"line":272,"column":62},"end":{"line":272,"column":63}},"loc":{"start":{"line":272,"column":78},"end":{"line":287,"column":5}},"line":272},"36":{"name":"(anonymous_36)","decl":{"start":{"line":280,"column":125},"end":{"line":280,"column":126}},"loc":{"start":{"line":280,"column":145},"end":{"line":286,"column":7}},"line":280},"37":{"name":"(anonymous_37)","decl":{"start":{"line":288,"column":32},"end":{"line":288,"column":33}},"loc":{"start":{"line":288,"column":48},"end":{"line":304,"column":5}},"line":288},"38":{"name":"(anonymous_38)","decl":{"start":{"line":296,"column":125},"end":{"line":296,"column":126}},"loc":{"start":{"line":296,"column":145},"end":{"line":303,"column":7}},"line":296},"39":{"name":"(anonymous_39)","decl":{"start":{"line":307,"column":33},"end":{"line":307,"column":34}},"loc":{"start":{"line":307,"column":45},"end":{"line":392,"column":3}},"line":307},"40":{"name":"(anonymous_40)","decl":{"start":{"line":308,"column":52},"end":{"line":308,"column":53}},"loc":{"start":{"line":308,"column":68},"end":{"line":320,"column":5}},"line":308},"41":{"name":"(anonymous_41)","decl":{"start":{"line":313,"column":125},"end":{"line":313,"column":126}},"loc":{"start":{"line":313,"column":145},"end":{"line":319,"column":7}},"line":313},"42":{"name":"(anonymous_42)","decl":{"start":{"line":321,"column":55},"end":{"line":321,"column":56}},"loc":{"start":{"line":321,"column":71},"end":{"line":333,"column":5}},"line":321},"43":{"name":"(anonymous_43)","decl":{"start":{"line":326,"column":125},"end":{"line":326,"column":126}},"loc":{"start":{"line":326,"column":145},"end":{"line":332,"column":7}},"line":326},"44":{"name":"(anonymous_44)","decl":{"start":{"line":334,"column":57},"end":{"line":334,"column":58}},"loc":{"start":{"line":334,"column":73},"end":{"line":347,"column":5}},"line":334},"45":{"name":"(anonymous_45)","decl":{"start":{"line":340,"column":125},"end":{"line":340,"column":126}},"loc":{"start":{"line":340,"column":145},"end":{"line":346,"column":7}},"line":340},"46":{"name":"(anonymous_46)","decl":{"start":{"line":348,"column":61},"end":{"line":348,"column":62}},"loc":{"start":{"line":348,"column":77},"end":{"line":361,"column":5}},"line":348},"47":{"name":"(anonymous_47)","decl":{"start":{"line":354,"column":125},"end":{"line":354,"column":126}},"loc":{"start":{"line":354,"column":145},"end":{"line":360,"column":7}},"line":354},"48":{"name":"(anonymous_48)","decl":{"start":{"line":362,"column":75},"end":{"line":362,"column":76}},"loc":{"start":{"line":362,"column":91},"end":{"line":375,"column":5}},"line":362},"49":{"name":"(anonymous_49)","decl":{"start":{"line":368,"column":125},"end":{"line":368,"column":126}},"loc":{"start":{"line":368,"column":145},"end":{"line":374,"column":7}},"line":368},"50":{"name":"(anonymous_50)","decl":{"start":{"line":376,"column":61},"end":{"line":376,"column":62}},"loc":{"start":{"line":376,"column":77},"end":{"line":391,"column":5}},"line":376},"51":{"name":"(anonymous_51)","decl":{"start":{"line":382,"column":125},"end":{"line":382,"column":126}},"loc":{"start":{"line":382,"column":145},"end":{"line":388,"column":7}},"line":382}},"branchMap":{},"s":{"0":1,"1":1,"2":1,"3":1,"4":1,"5":1,"6":1,"7":1,"8":1,"9":1,"10":1,"11":1,"12":1,"13":1,"14":1,"15":48,"16":39,"17":1,"18":1,"19":1,"20":1,"21":1,"22":1,"23":1,"24":1,"25":1,"26":1,"27":1,"28":1,"29":1,"30":1,"31":1,"32":1,"33":1,"34":1,"35":1,"36":1,"37":1,"38":1,"39":1,"40":1,"41":1,"42":1,"43":1,"44":1,"45":1,"46":1,"47":1,"48":1,"49":1,"50":1,"51":1,"52":1,"53":1,"54":1,"55":1,"56":1,"57":1,"58":1,"59":1,"60":1,"61":1,"62":1,"63":1,"64":1,"65":1,"66":1,"67":1,"68":1,"69":1,"70":1,"71":1,"72":1,"73":1,"74":1,"75":1,"76":1,"77":1,"78":1,"79":1,"80":1,"81":1,"82":1,"83":1,"84":1,"85":1,"86":1,"87":1,"88":1,"89":1,"90":1,"91":1,"92":1,"93":1,"94":1,"95":1,"96":1,"97":1,"98":1,"99":1,"100":1,"101":1,"102":1,"103":1,"104":1,"105":1,"106":1,"107":1,"108":1,"109":1,"110":1,"111":1,"112":1,"113":1,"114":1,"115":1,"116":1,"117":1,"118":1,"119":1,"120":1,"121":1,"122":1,"123":1,"124":1,"125":1,"126":1,"127":1,"128":1,"129":1,"130":1,"131":1,"132":1,"133":1,"134":1,"135":1,"136":1,"137":1,"138":1,"139":1,"140":1,"141":1,"142":1,"143":1,"144":1,"145":1,"146":1,"147":1,"148":1,"149":1,"150":1,"151":1,"152":1,"153":1,"154":1,"155":1,"156":1,"157":1,"158":1,"159":1,"160":1,"161":1,"162":1,"163":1,"164":1,"165":1,"166":1,"167":1,"168":1,"169":1,"170":1,"171":1,"172":1,"173":1,"174":1,"175":1,"176":1,"177":1,"178":1,"179":1,"180":1,"181":1,"182":1,"183":1,"184":1,"185":1,"186":1,"187":1,"188":1,"189":1,"190":1,"191":1,"192":1,"193":1,"194":1,"195":1,"196":0,"197":1,"198":1,"199":1,"200":0,"201":0,"202":0,"203":0,"204":0,"205":1},"f":{"0":48,"1":39,"2":1,"3":1,"4":1,"5":1,"6":1,"7":1,"8":1,"9":1,"10":1,"11":1,"12":1,"13":1,"14":1,"15":1,"16":1,"17":1,"18":1,"19":1,"20":1,"21":1,"22":1,"23":1,"24":1,"25":1,"26":1,"27":1,"28":1,"29":1,"30":1,"31":1,"32":1,"33":1,"34":1,"35":1,"36":1,"37":1,"38":1,"39":1,"40":1,"41":1,"42":1,"43":1,"44":1,"45":1,"46":1,"47":1,"48":1,"49":1,"50":1,"51":0},"b":{},"_coverageSchema":"43e27e138ebf9cfc5966b082cf9a028302ed4184","hash":"fcbf30364d0b1b9f5f74ba641e9aa4773bd77288","contentHash":"8a84555cb345f21fe5cc261e4ffa57d5e66762c428d151afce3b0fd7229d8ca9"}}